<?xml version="1.0" encoding="UTF-8"?>
<testng-results ignored="0" total="74" passed="2" failed="72" skipped="0">
  <reporter-output>
  </reporter-output>
  <suite started-at="2023-09-13T15:15:02 EDT" name="Default suite" finished-at="2023-09-13T15:16:10 EDT" duration-ms="67655">
    <groups>
      <group name="cucumber">
        <method signature="AbstractTestNGCucumberTests.runScenario(io.cucumber.testng.PickleWrapper,io.cucumber.testng.FeatureWrapper)[pri:0, instance:runner.TestRunner@1f010bf0]" name="runScenario" class="io.cucumber.testng.AbstractTestNGCucumberTests"/>
      </group> <!-- cucumber -->
    </groups>
    <test started-at="2023-09-13T15:15:02 EDT" name="Default test" finished-at="2023-09-13T15:16:10 EDT" duration-ms="67655">
      <class name="runner.TestRunner">
        <test-method is-config="true" signature="setUpClass(org.testng.ITestContext)[pri:0, instance:runner.TestRunner@1f010bf0]" started-at="2023-09-13T15:15:02 EDT" name="setUpClass" finished-at="2023-09-13T15:15:13 EDT" duration-ms="10967" status="PASS">
          <params>
            <param index="0">
              <value>
                <![CDATA[org.testng.TestRunner@4c7b4a31]]>
              </value>
            </param>
          </params>
          <reporter-output>
          </reporter-output>
        </test-method> <!-- setUpClass -->
        <test-method signature="runScenario(io.cucumber.testng.PickleWrapper,io.cucumber.testng.FeatureWrapper)[pri:0, instance:runner.TestRunner@1f010bf0]" started-at="2023-09-13T15:15:13 EDT" name="runScenario" description="Runs Cucumber Scenarios" data-provider="scenarios" finished-at="2023-09-13T15:15:14 EDT" duration-ms="1552" status="PASS">
          <params>
            <param index="0">
              <value>
                <![CDATA["Verify admin is able to land on home page"]]>
              </value>
            </param>
            <param index="1">
              <value>
                <![CDATA["Home Page Verification"]]>
              </value>
            </param>
          </params>
          <reporter-output>
          </reporter-output>
        </test-method> <!-- runScenario -->
        <test-method signature="runScenario(io.cucumber.testng.PickleWrapper,io.cucumber.testng.FeatureWrapper)[pri:0, instance:runner.TestRunner@1f010bf0]" started-at="2023-09-13T15:15:15 EDT" name="runScenario" description="Runs Cucumber Scenarios" data-provider="scenarios" finished-at="2023-09-13T15:15:19 EDT" duration-ms="4051" status="FAIL">
          <params>
            <param index="0">
              <value>
                <![CDATA["Verify admin is able to land on home page with invalid URL"]]>
              </value>
            </param>
            <param index="1">
              <value>
                <![CDATA["Home Page Verification"]]>
              </value>
            </param>
          </params>
          <exception class="org.openqa.selenium.WebDriverException">
            <message>
              <![CDATA[unknown error: net::ERR_NAME_NOT_RESOLVED
  (Session info: chrome=116.0.5845.187)
Build info: version: '4.11.0', revision: '040bc5406b'
System info: os.name: 'Mac OS X', os.arch: 'x86_64', os.version: '12.4', java.version: '17.0.2'
Driver info: org.openqa.selenium.chrome.ChromeDriver
Command: [1e981dc8fa9af0e39d58e706f60c9c18, get {url=https://invalidurl.com}]
Capabilities {acceptInsecureCerts: false, browserName: chrome, browserVersion: 116.0.5845.187, chrome: {chromedriverVersion: 116.0.5845.96 (1a3918166880..., userDataDir: /var/folders/hr/z4pdhffx3_5...}, fedcm:accounts: true, goog:chromeOptions: {debuggerAddress: localhost:54962}, networkConnectionEnabled: false, pageLoadStrategy: normal, platformName: mac, proxy: Proxy(), se:cdp: ws://localhost:54962/devtoo..., se:cdpVersion: 116.0.5845.187, setWindowRect: true, strictFileInteractability: false, timeouts: {implicit: 0, pageLoad: 300000, script: 30000}, unhandledPromptBehavior: dismiss and notify, webauthn:extension:credBlob: true, webauthn:extension:largeBlob: true, webauthn:extension:minPinLength: true, webauthn:extension:prf: true, webauthn:virtualAuthenticators: true}
Session ID: 1e981dc8fa9af0e39d58e706f60c9c18]]>
            </message>
            <full-stacktrace>
              <![CDATA[org.openqa.selenium.WebDriverException: unknown error: net::ERR_NAME_NOT_RESOLVED
  (Session info: chrome=116.0.5845.187)
Build info: version: '4.11.0', revision: '040bc5406b'
System info: os.name: 'Mac OS X', os.arch: 'x86_64', os.version: '12.4', java.version: '17.0.2'
Driver info: org.openqa.selenium.chrome.ChromeDriver
Command: [1e981dc8fa9af0e39d58e706f60c9c18, get {url=https://invalidurl.com}]
Capabilities {acceptInsecureCerts: false, browserName: chrome, browserVersion: 116.0.5845.187, chrome: {chromedriverVersion: 116.0.5845.96 (1a3918166880..., userDataDir: /var/folders/hr/z4pdhffx3_5...}, fedcm:accounts: true, goog:chromeOptions: {debuggerAddress: localhost:54962}, networkConnectionEnabled: false, pageLoadStrategy: normal, platformName: mac, proxy: Proxy(), se:cdp: ws://localhost:54962/devtoo..., se:cdpVersion: 116.0.5845.187, setWindowRect: true, strictFileInteractability: false, timeouts: {implicit: 0, pageLoad: 300000, script: 30000}, unhandledPromptBehavior: dismiss and notify, webauthn:extension:credBlob: true, webauthn:extension:largeBlob: true, webauthn:extension:minPinLength: true, webauthn:extension:prf: true, webauthn:virtualAuthenticators: true}
Session ID: 1e981dc8fa9af0e39d58e706f60c9c18
at java.base/jdk.internal.reflect.NativeConstructorAccessorImpl.newInstance0(Native Method)
at java.base/jdk.internal.reflect.NativeConstructorAccessorImpl.newInstance(NativeConstructorAccessorImpl.java:77)
at java.base/jdk.internal.reflect.DelegatingConstructorAccessorImpl.newInstance(DelegatingConstructorAccessorImpl.java:45)
at java.base/java.lang.reflect.Constructor.newInstanceWithCaller(Constructor.java:499)
at java.base/java.lang.reflect.Constructor.newInstance(Constructor.java:480)
at org.openqa.selenium.remote.codec.w3c.W3CHttpResponseCodec.createException(W3CHttpResponseCodec.java:200)
at org.openqa.selenium.remote.codec.w3c.W3CHttpResponseCodec.decode(W3CHttpResponseCodec.java:133)
at org.openqa.selenium.remote.codec.w3c.W3CHttpResponseCodec.decode(W3CHttpResponseCodec.java:52)
at org.openqa.selenium.remote.HttpCommandExecutor.execute(HttpCommandExecutor.java:191)
at org.openqa.selenium.remote.service.DriverCommandExecutor.invokeExecute(DriverCommandExecutor.java:196)
at org.openqa.selenium.remote.service.DriverCommandExecutor.execute(DriverCommandExecutor.java:171)
at org.openqa.selenium.remote.RemoteWebDriver.execute(RemoteWebDriver.java:518)
at org.openqa.selenium.remote.RemoteWebDriver.get(RemoteWebDriver.java:300)
at pageObjects.MainPage.getInvalidUrl(MainPage.java:103)
at stepDefinitionsMainPage.HomePageSD.admin_gives_the_invalid_lms_portal_url(HomePageSD.java:61)
at ✽.Admin gives the invalid LMS portal URL(file:///Users/auxilia/git/Team09_BDDCoders/src/test/resources/features/01_Main_page_login_page/01_1HomePage.feature:14)
]]>
            </full-stacktrace>
          </exception> <!-- org.openqa.selenium.WebDriverException -->
          <reporter-output>
          </reporter-output>
        </test-method> <!-- runScenario -->
        <test-method signature="runScenario(io.cucumber.testng.PickleWrapper,io.cucumber.testng.FeatureWrapper)[pri:0, instance:runner.TestRunner@1f010bf0]" started-at="2023-09-13T15:15:19 EDT" name="runScenario" description="Runs Cucumber Scenarios" data-provider="scenarios" finished-at="2023-09-13T15:15:21 EDT" duration-ms="1980" status="FAIL">
          <params>
            <param index="0">
              <value>
                <![CDATA["Admin verifies for broken link on the LMS portal"]]>
              </value>
            </param>
            <param index="1">
              <value>
                <![CDATA["Home Page Verification"]]>
              </value>
            </param>
          </params>
          <exception class="java.lang.NumberFormatException">
            <message>
              <![CDATA[For input string: "Https response >= 400"]]>
            </message>
            <full-stacktrace>
              <![CDATA[java.lang.NumberFormatException: For input string: "Https response >= 400"
at java.base/java.lang.NumberFormatException.forInputString(NumberFormatException.java:67)
at java.base/java.lang.Integer.parseInt(Integer.java:668)
at java.base/java.lang.Integer.parseInt(Integer.java:786)
at stepDefinitionsMainPage.HomePageSD.admin_should_receive_error_for_the_lms_link(HomePageSD.java:84)
at ✽.Admin should receive "Https response >= 400" error for the LMS link(file:///Users/auxilia/git/Team09_BDDCoders/src/test/resources/features/01_Main_page_login_page/01_1HomePage.feature:20)
]]>
            </full-stacktrace>
          </exception> <!-- java.lang.NumberFormatException -->
          <reporter-output>
          </reporter-output>
        </test-method> <!-- runScenario -->
        <test-method signature="runScenario(io.cucumber.testng.PickleWrapper,io.cucumber.testng.FeatureWrapper)[pri:0, instance:runner.TestRunner@1f010bf0]" started-at="2023-09-13T15:15:21 EDT" name="runScenario" description="Runs Cucumber Scenarios" data-provider="scenarios" finished-at="2023-09-13T15:15:22 EDT" duration-ms="870" status="FAIL">
          <params>
            <param index="0">
              <value>
                <![CDATA["Admin verifies correct spellings in all fields on the LMS portal"]]>
              </value>
            </param>
            <param index="1">
              <value>
                <![CDATA["Home Page Verification"]]>
              </value>
            </param>
          </params>
          <exception class="org.openqa.selenium.NoSuchElementException">
            <message>
              <![CDATA[no such element: Unable to locate element: {"method":"xpath","selector":"//*[@id='learning']"}
  (Session info: chrome=116.0.5845.187)
For documentation on this error, please visit: https://www.selenium.dev/documentation/webdriver/troubleshooting/errors#no-such-element-exception
Build info: version: '4.11.0', revision: '040bc5406b'
System info: os.name: 'Mac OS X', os.arch: 'x86_64', os.version: '12.4', java.version: '17.0.2'
Driver info: org.openqa.selenium.chrome.ChromeDriver
Command: [1e981dc8fa9af0e39d58e706f60c9c18, findElement {using=xpath, value=//*[@id='learning']}]
Capabilities {acceptInsecureCerts: false, browserName: chrome, browserVersion: 116.0.5845.187, chrome: {chromedriverVersion: 116.0.5845.96 (1a3918166880..., userDataDir: /var/folders/hr/z4pdhffx3_5...}, fedcm:accounts: true, goog:chromeOptions: {debuggerAddress: localhost:54962}, networkConnectionEnabled: false, pageLoadStrategy: normal, platformName: mac, proxy: Proxy(), se:cdp: ws://localhost:54962/devtoo..., se:cdpVersion: 116.0.5845.187, setWindowRect: true, strictFileInteractability: false, timeouts: {implicit: 0, pageLoad: 300000, script: 30000}, unhandledPromptBehavior: dismiss and notify, webauthn:extension:credBlob: true, webauthn:extension:largeBlob: true, webauthn:extension:minPinLength: true, webauthn:extension:prf: true, webauthn:virtualAuthenticators: true}
Session ID: 1e981dc8fa9af0e39d58e706f60c9c18]]>
            </message>
            <full-stacktrace>
              <![CDATA[org.openqa.selenium.NoSuchElementException: no such element: Unable to locate element: {"method":"xpath","selector":"//*[@id='learning']"}
  (Session info: chrome=116.0.5845.187)
For documentation on this error, please visit: https://www.selenium.dev/documentation/webdriver/troubleshooting/errors#no-such-element-exception
Build info: version: '4.11.0', revision: '040bc5406b'
System info: os.name: 'Mac OS X', os.arch: 'x86_64', os.version: '12.4', java.version: '17.0.2'
Driver info: org.openqa.selenium.chrome.ChromeDriver
Command: [1e981dc8fa9af0e39d58e706f60c9c18, findElement {using=xpath, value=//*[@id='learning']}]
Capabilities {acceptInsecureCerts: false, browserName: chrome, browserVersion: 116.0.5845.187, chrome: {chromedriverVersion: 116.0.5845.96 (1a3918166880..., userDataDir: /var/folders/hr/z4pdhffx3_5...}, fedcm:accounts: true, goog:chromeOptions: {debuggerAddress: localhost:54962}, networkConnectionEnabled: false, pageLoadStrategy: normal, platformName: mac, proxy: Proxy(), se:cdp: ws://localhost:54962/devtoo..., se:cdpVersion: 116.0.5845.187, setWindowRect: true, strictFileInteractability: false, timeouts: {implicit: 0, pageLoad: 300000, script: 30000}, unhandledPromptBehavior: dismiss and notify, webauthn:extension:credBlob: true, webauthn:extension:largeBlob: true, webauthn:extension:minPinLength: true, webauthn:extension:prf: true, webauthn:virtualAuthenticators: true}
Session ID: 1e981dc8fa9af0e39d58e706f60c9c18
at java.base/jdk.internal.reflect.NativeConstructorAccessorImpl.newInstance0(Native Method)
at java.base/jdk.internal.reflect.NativeConstructorAccessorImpl.newInstance(NativeConstructorAccessorImpl.java:77)
at java.base/jdk.internal.reflect.DelegatingConstructorAccessorImpl.newInstance(DelegatingConstructorAccessorImpl.java:45)
at java.base/java.lang.reflect.Constructor.newInstanceWithCaller(Constructor.java:499)
at java.base/java.lang.reflect.Constructor.newInstance(Constructor.java:480)
at org.openqa.selenium.remote.codec.w3c.W3CHttpResponseCodec.createException(W3CHttpResponseCodec.java:200)
at org.openqa.selenium.remote.codec.w3c.W3CHttpResponseCodec.decode(W3CHttpResponseCodec.java:133)
at org.openqa.selenium.remote.codec.w3c.W3CHttpResponseCodec.decode(W3CHttpResponseCodec.java:52)
at org.openqa.selenium.remote.HttpCommandExecutor.execute(HttpCommandExecutor.java:191)
at org.openqa.selenium.remote.service.DriverCommandExecutor.invokeExecute(DriverCommandExecutor.java:196)
at org.openqa.selenium.remote.service.DriverCommandExecutor.execute(DriverCommandExecutor.java:171)
at org.openqa.selenium.remote.RemoteWebDriver.execute(RemoteWebDriver.java:518)
at org.openqa.selenium.remote.ElementLocation$ElementFinder$2.findElement(ElementLocation.java:165)
at org.openqa.selenium.remote.ElementLocation.findElement(ElementLocation.java:59)
at org.openqa.selenium.remote.RemoteWebDriver.findElement(RemoteWebDriver.java:355)
at org.openqa.selenium.remote.RemoteWebDriver.findElement(RemoteWebDriver.java:349)
at org.openqa.selenium.support.pagefactory.DefaultElementLocator.findElement(DefaultElementLocator.java:68)
at org.openqa.selenium.support.pagefactory.internal.LocatingElementHandler.invoke(LocatingElementHandler.java:38)
at jdk.proxy2/jdk.proxy2.$Proxy62.getText(Unknown Source)
at pageObjects.MainPage.getLearningTxt(MainPage.java:108)
at stepDefinitionsMainPage.HomePageSD.admin_should_see_correct_spellings_in_all_fields(HomePageSD.java:107)
at ✽.Admin should see correct spellings in all fields on the LMS portal(file:///Users/auxilia/git/Team09_BDDCoders/src/test/resources/features/01_Main_page_login_page/01_1HomePage.feature:26)
]]>
            </full-stacktrace>
          </exception> <!-- org.openqa.selenium.NoSuchElementException -->
          <reporter-output>
          </reporter-output>
        </test-method> <!-- runScenario -->
        <test-method signature="runScenario(io.cucumber.testng.PickleWrapper,io.cucumber.testng.FeatureWrapper)[pri:0, instance:runner.TestRunner@1f010bf0]" started-at="2023-09-13T15:15:22 EDT" name="runScenario" description="Runs Cucumber Scenarios" data-provider="scenarios" finished-at="2023-09-13T15:15:22 EDT" duration-ms="730" status="FAIL">
          <params>
            <param index="0">
              <value>
                <![CDATA["Admin verifies the presence of the LMS logo"]]>
              </value>
            </param>
            <param index="1">
              <value>
                <![CDATA["Home Page Verification"]]>
              </value>
            </param>
          </params>
          <exception class="org.openqa.selenium.NoSuchElementException">
            <message>
              <![CDATA[no such element: Unable to locate element: {"method":"xpath","selector":"//img[@class='logo-class']"}
  (Session info: chrome=116.0.5845.187)
For documentation on this error, please visit: https://www.selenium.dev/documentation/webdriver/troubleshooting/errors#no-such-element-exception
Build info: version: '4.11.0', revision: '040bc5406b'
System info: os.name: 'Mac OS X', os.arch: 'x86_64', os.version: '12.4', java.version: '17.0.2'
Driver info: org.openqa.selenium.chrome.ChromeDriver
Command: [1e981dc8fa9af0e39d58e706f60c9c18, findElement {using=xpath, value=//img[@class='logo-class']}]
Capabilities {acceptInsecureCerts: false, browserName: chrome, browserVersion: 116.0.5845.187, chrome: {chromedriverVersion: 116.0.5845.96 (1a3918166880..., userDataDir: /var/folders/hr/z4pdhffx3_5...}, fedcm:accounts: true, goog:chromeOptions: {debuggerAddress: localhost:54962}, networkConnectionEnabled: false, pageLoadStrategy: normal, platformName: mac, proxy: Proxy(), se:cdp: ws://localhost:54962/devtoo..., se:cdpVersion: 116.0.5845.187, setWindowRect: true, strictFileInteractability: false, timeouts: {implicit: 0, pageLoad: 300000, script: 30000}, unhandledPromptBehavior: dismiss and notify, webauthn:extension:credBlob: true, webauthn:extension:largeBlob: true, webauthn:extension:minPinLength: true, webauthn:extension:prf: true, webauthn:virtualAuthenticators: true}
Session ID: 1e981dc8fa9af0e39d58e706f60c9c18]]>
            </message>
            <full-stacktrace>
              <![CDATA[org.openqa.selenium.NoSuchElementException: no such element: Unable to locate element: {"method":"xpath","selector":"//img[@class='logo-class']"}
  (Session info: chrome=116.0.5845.187)
For documentation on this error, please visit: https://www.selenium.dev/documentation/webdriver/troubleshooting/errors#no-such-element-exception
Build info: version: '4.11.0', revision: '040bc5406b'
System info: os.name: 'Mac OS X', os.arch: 'x86_64', os.version: '12.4', java.version: '17.0.2'
Driver info: org.openqa.selenium.chrome.ChromeDriver
Command: [1e981dc8fa9af0e39d58e706f60c9c18, findElement {using=xpath, value=//img[@class='logo-class']}]
Capabilities {acceptInsecureCerts: false, browserName: chrome, browserVersion: 116.0.5845.187, chrome: {chromedriverVersion: 116.0.5845.96 (1a3918166880..., userDataDir: /var/folders/hr/z4pdhffx3_5...}, fedcm:accounts: true, goog:chromeOptions: {debuggerAddress: localhost:54962}, networkConnectionEnabled: false, pageLoadStrategy: normal, platformName: mac, proxy: Proxy(), se:cdp: ws://localhost:54962/devtoo..., se:cdpVersion: 116.0.5845.187, setWindowRect: true, strictFileInteractability: false, timeouts: {implicit: 0, pageLoad: 300000, script: 30000}, unhandledPromptBehavior: dismiss and notify, webauthn:extension:credBlob: true, webauthn:extension:largeBlob: true, webauthn:extension:minPinLength: true, webauthn:extension:prf: true, webauthn:virtualAuthenticators: true}
Session ID: 1e981dc8fa9af0e39d58e706f60c9c18
at java.base/jdk.internal.reflect.NativeConstructorAccessorImpl.newInstance0(Native Method)
at java.base/jdk.internal.reflect.NativeConstructorAccessorImpl.newInstance(NativeConstructorAccessorImpl.java:77)
at java.base/jdk.internal.reflect.DelegatingConstructorAccessorImpl.newInstance(DelegatingConstructorAccessorImpl.java:45)
at java.base/java.lang.reflect.Constructor.newInstanceWithCaller(Constructor.java:499)
at java.base/java.lang.reflect.Constructor.newInstance(Constructor.java:480)
at org.openqa.selenium.remote.codec.w3c.W3CHttpResponseCodec.createException(W3CHttpResponseCodec.java:200)
at org.openqa.selenium.remote.codec.w3c.W3CHttpResponseCodec.decode(W3CHttpResponseCodec.java:133)
at org.openqa.selenium.remote.codec.w3c.W3CHttpResponseCodec.decode(W3CHttpResponseCodec.java:52)
at org.openqa.selenium.remote.HttpCommandExecutor.execute(HttpCommandExecutor.java:191)
at org.openqa.selenium.remote.service.DriverCommandExecutor.invokeExecute(DriverCommandExecutor.java:196)
at org.openqa.selenium.remote.service.DriverCommandExecutor.execute(DriverCommandExecutor.java:171)
at org.openqa.selenium.remote.RemoteWebDriver.execute(RemoteWebDriver.java:518)
at org.openqa.selenium.remote.ElementLocation$ElementFinder$2.findElement(ElementLocation.java:165)
at org.openqa.selenium.remote.ElementLocation.findElement(ElementLocation.java:59)
at org.openqa.selenium.remote.RemoteWebDriver.findElement(RemoteWebDriver.java:355)
at org.openqa.selenium.remote.RemoteWebDriver.findElement(RemoteWebDriver.java:349)
at org.openqa.selenium.support.pagefactory.DefaultElementLocator.findElement(DefaultElementLocator.java:68)
at org.openqa.selenium.support.pagefactory.internal.LocatingElementHandler.invoke(LocatingElementHandler.java:38)
at jdk.proxy2/jdk.proxy2.$Proxy62.getAttribute(Unknown Source)
at stepDefinitionsMainPage.HomePageSD.admin_should_see_correct_logo_of_the_lms(HomePageSD.java:127)
at ✽.Admin should see correct Logo of the LMS(file:///Users/auxilia/git/Team09_BDDCoders/src/test/resources/features/01_Main_page_login_page/01_1HomePage.feature:31)
]]>
            </full-stacktrace>
          </exception> <!-- org.openqa.selenium.NoSuchElementException -->
          <reporter-output>
          </reporter-output>
        </test-method> <!-- runScenario -->
        <test-method signature="runScenario(io.cucumber.testng.PickleWrapper,io.cucumber.testng.FeatureWrapper)[pri:0, instance:runner.TestRunner@1f010bf0]" started-at="2023-09-13T15:15:22 EDT" name="runScenario" description="Runs Cucumber Scenarios" data-provider="scenarios" finished-at="2023-09-13T15:15:23 EDT" duration-ms="770" status="FAIL">
          <params>
            <param index="0">
              <value>
                <![CDATA["Admin verifies that the LMS logo is properly aligned"]]>
              </value>
            </param>
            <param index="1">
              <value>
                <![CDATA["Home Page Verification"]]>
              </value>
            </param>
          </params>
          <exception class="org.openqa.selenium.NoSuchElementException">
            <message>
              <![CDATA[no such element: Unable to locate element: {"method":"xpath","selector":"//img[@class='logo-class']"}
  (Session info: chrome=116.0.5845.187)
For documentation on this error, please visit: https://www.selenium.dev/documentation/webdriver/troubleshooting/errors#no-such-element-exception
Build info: version: '4.11.0', revision: '040bc5406b'
System info: os.name: 'Mac OS X', os.arch: 'x86_64', os.version: '12.4', java.version: '17.0.2'
Driver info: org.openqa.selenium.chrome.ChromeDriver
Command: [1e981dc8fa9af0e39d58e706f60c9c18, findElement {using=xpath, value=//img[@class='logo-class']}]
Capabilities {acceptInsecureCerts: false, browserName: chrome, browserVersion: 116.0.5845.187, chrome: {chromedriverVersion: 116.0.5845.96 (1a3918166880..., userDataDir: /var/folders/hr/z4pdhffx3_5...}, fedcm:accounts: true, goog:chromeOptions: {debuggerAddress: localhost:54962}, networkConnectionEnabled: false, pageLoadStrategy: normal, platformName: mac, proxy: Proxy(), se:cdp: ws://localhost:54962/devtoo..., se:cdpVersion: 116.0.5845.187, setWindowRect: true, strictFileInteractability: false, timeouts: {implicit: 0, pageLoad: 300000, script: 30000}, unhandledPromptBehavior: dismiss and notify, webauthn:extension:credBlob: true, webauthn:extension:largeBlob: true, webauthn:extension:minPinLength: true, webauthn:extension:prf: true, webauthn:virtualAuthenticators: true}
Session ID: 1e981dc8fa9af0e39d58e706f60c9c18]]>
            </message>
            <full-stacktrace>
              <![CDATA[org.openqa.selenium.NoSuchElementException: no such element: Unable to locate element: {"method":"xpath","selector":"//img[@class='logo-class']"}
  (Session info: chrome=116.0.5845.187)
For documentation on this error, please visit: https://www.selenium.dev/documentation/webdriver/troubleshooting/errors#no-such-element-exception
Build info: version: '4.11.0', revision: '040bc5406b'
System info: os.name: 'Mac OS X', os.arch: 'x86_64', os.version: '12.4', java.version: '17.0.2'
Driver info: org.openqa.selenium.chrome.ChromeDriver
Command: [1e981dc8fa9af0e39d58e706f60c9c18, findElement {using=xpath, value=//img[@class='logo-class']}]
Capabilities {acceptInsecureCerts: false, browserName: chrome, browserVersion: 116.0.5845.187, chrome: {chromedriverVersion: 116.0.5845.96 (1a3918166880..., userDataDir: /var/folders/hr/z4pdhffx3_5...}, fedcm:accounts: true, goog:chromeOptions: {debuggerAddress: localhost:54962}, networkConnectionEnabled: false, pageLoadStrategy: normal, platformName: mac, proxy: Proxy(), se:cdp: ws://localhost:54962/devtoo..., se:cdpVersion: 116.0.5845.187, setWindowRect: true, strictFileInteractability: false, timeouts: {implicit: 0, pageLoad: 300000, script: 30000}, unhandledPromptBehavior: dismiss and notify, webauthn:extension:credBlob: true, webauthn:extension:largeBlob: true, webauthn:extension:minPinLength: true, webauthn:extension:prf: true, webauthn:virtualAuthenticators: true}
Session ID: 1e981dc8fa9af0e39d58e706f60c9c18
at java.base/jdk.internal.reflect.NativeConstructorAccessorImpl.newInstance0(Native Method)
at java.base/jdk.internal.reflect.NativeConstructorAccessorImpl.newInstance(NativeConstructorAccessorImpl.java:77)
at java.base/jdk.internal.reflect.DelegatingConstructorAccessorImpl.newInstance(DelegatingConstructorAccessorImpl.java:45)
at java.base/java.lang.reflect.Constructor.newInstanceWithCaller(Constructor.java:499)
at java.base/java.lang.reflect.Constructor.newInstance(Constructor.java:480)
at org.openqa.selenium.remote.codec.w3c.W3CHttpResponseCodec.createException(W3CHttpResponseCodec.java:200)
at org.openqa.selenium.remote.codec.w3c.W3CHttpResponseCodec.decode(W3CHttpResponseCodec.java:133)
at org.openqa.selenium.remote.codec.w3c.W3CHttpResponseCodec.decode(W3CHttpResponseCodec.java:52)
at org.openqa.selenium.remote.HttpCommandExecutor.execute(HttpCommandExecutor.java:191)
at org.openqa.selenium.remote.service.DriverCommandExecutor.invokeExecute(DriverCommandExecutor.java:196)
at org.openqa.selenium.remote.service.DriverCommandExecutor.execute(DriverCommandExecutor.java:171)
at org.openqa.selenium.remote.RemoteWebDriver.execute(RemoteWebDriver.java:518)
at org.openqa.selenium.remote.ElementLocation$ElementFinder$2.findElement(ElementLocation.java:165)
at org.openqa.selenium.remote.ElementLocation.findElement(ElementLocation.java:59)
at org.openqa.selenium.remote.RemoteWebDriver.findElement(RemoteWebDriver.java:355)
at org.openqa.selenium.remote.RemoteWebDriver.findElement(RemoteWebDriver.java:349)
at org.openqa.selenium.support.pagefactory.DefaultElementLocator.findElement(DefaultElementLocator.java:68)
at org.openqa.selenium.support.pagefactory.internal.LocatingElementHandler.invoke(LocatingElementHandler.java:38)
at jdk.proxy2/jdk.proxy2.$Proxy62.getCssValue(Unknown Source)
at stepDefinitionsMainPage.HomePageSD.admin_should_see_that_the_logo_is_properly_aligned(HomePageSD.java:139)
at ✽.Admin should see that the Logo is properly aligned(file:///Users/auxilia/git/Team09_BDDCoders/src/test/resources/features/01_Main_page_login_page/01_1HomePage.feature:36)
]]>
            </full-stacktrace>
          </exception> <!-- org.openqa.selenium.NoSuchElementException -->
          <reporter-output>
          </reporter-output>
        </test-method> <!-- runScenario -->
        <test-method signature="runScenario(io.cucumber.testng.PickleWrapper,io.cucumber.testng.FeatureWrapper)[pri:0, instance:runner.TestRunner@1f010bf0]" started-at="2023-09-13T15:15:23 EDT" name="runScenario" description="Runs Cucumber Scenarios" data-provider="scenarios" finished-at="2023-09-13T15:15:23 EDT" duration-ms="191" status="PASS">
          <params>
            <param index="0">
              <value>
                <![CDATA["Admin verifies the presence of the Login button"]]>
              </value>
            </param>
            <param index="1">
              <value>
                <![CDATA["Home Page Verification"]]>
              </value>
            </param>
          </params>
          <reporter-output>
          </reporter-output>
        </test-method> <!-- runScenario -->
        <test-method signature="runScenario(io.cucumber.testng.PickleWrapper,io.cucumber.testng.FeatureWrapper)[pri:0, instance:runner.TestRunner@1f010bf0]" started-at="2023-09-13T15:15:23 EDT" name="runScenario" description="Runs Cucumber Scenarios" data-provider="scenarios" finished-at="2023-09-13T15:15:24 EDT" duration-ms="702" status="FAIL">
          <params>
            <param index="0">
              <value>
                <![CDATA["Admin verifies that the Login button is clickable on LMS Portal"]]>
              </value>
            </param>
            <param index="1">
              <value>
                <![CDATA["Home Page Verification"]]>
              </value>
            </param>
          </params>
          <exception class="org.openqa.selenium.NoSuchElementException">
            <message>
              <![CDATA[no such element: Unable to locate element: {"method":"xpath","selector":"//button[text()='Login']"}
  (Session info: chrome=116.0.5845.187)
For documentation on this error, please visit: https://www.selenium.dev/documentation/webdriver/troubleshooting/errors#no-such-element-exception
Build info: version: '4.11.0', revision: '040bc5406b'
System info: os.name: 'Mac OS X', os.arch: 'x86_64', os.version: '12.4', java.version: '17.0.2'
Driver info: org.openqa.selenium.chrome.ChromeDriver
Command: [1e981dc8fa9af0e39d58e706f60c9c18, findElement {using=xpath, value=//button[text()='Login']}]
Capabilities {acceptInsecureCerts: false, browserName: chrome, browserVersion: 116.0.5845.187, chrome: {chromedriverVersion: 116.0.5845.96 (1a3918166880..., userDataDir: /var/folders/hr/z4pdhffx3_5...}, fedcm:accounts: true, goog:chromeOptions: {debuggerAddress: localhost:54962}, networkConnectionEnabled: false, pageLoadStrategy: normal, platformName: mac, proxy: Proxy(), se:cdp: ws://localhost:54962/devtoo..., se:cdpVersion: 116.0.5845.187, setWindowRect: true, strictFileInteractability: false, timeouts: {implicit: 0, pageLoad: 300000, script: 30000}, unhandledPromptBehavior: dismiss and notify, webauthn:extension:credBlob: true, webauthn:extension:largeBlob: true, webauthn:extension:minPinLength: true, webauthn:extension:prf: true, webauthn:virtualAuthenticators: true}
Session ID: 1e981dc8fa9af0e39d58e706f60c9c18]]>
            </message>
            <full-stacktrace>
              <![CDATA[org.openqa.selenium.NoSuchElementException: no such element: Unable to locate element: {"method":"xpath","selector":"//button[text()='Login']"}
  (Session info: chrome=116.0.5845.187)
For documentation on this error, please visit: https://www.selenium.dev/documentation/webdriver/troubleshooting/errors#no-such-element-exception
Build info: version: '4.11.0', revision: '040bc5406b'
System info: os.name: 'Mac OS X', os.arch: 'x86_64', os.version: '12.4', java.version: '17.0.2'
Driver info: org.openqa.selenium.chrome.ChromeDriver
Command: [1e981dc8fa9af0e39d58e706f60c9c18, findElement {using=xpath, value=//button[text()='Login']}]
Capabilities {acceptInsecureCerts: false, browserName: chrome, browserVersion: 116.0.5845.187, chrome: {chromedriverVersion: 116.0.5845.96 (1a3918166880..., userDataDir: /var/folders/hr/z4pdhffx3_5...}, fedcm:accounts: true, goog:chromeOptions: {debuggerAddress: localhost:54962}, networkConnectionEnabled: false, pageLoadStrategy: normal, platformName: mac, proxy: Proxy(), se:cdp: ws://localhost:54962/devtoo..., se:cdpVersion: 116.0.5845.187, setWindowRect: true, strictFileInteractability: false, timeouts: {implicit: 0, pageLoad: 300000, script: 30000}, unhandledPromptBehavior: dismiss and notify, webauthn:extension:credBlob: true, webauthn:extension:largeBlob: true, webauthn:extension:minPinLength: true, webauthn:extension:prf: true, webauthn:virtualAuthenticators: true}
Session ID: 1e981dc8fa9af0e39d58e706f60c9c18
at java.base/jdk.internal.reflect.NativeConstructorAccessorImpl.newInstance0(Native Method)
at java.base/jdk.internal.reflect.NativeConstructorAccessorImpl.newInstance(NativeConstructorAccessorImpl.java:77)
at java.base/jdk.internal.reflect.DelegatingConstructorAccessorImpl.newInstance(DelegatingConstructorAccessorImpl.java:45)
at java.base/java.lang.reflect.Constructor.newInstanceWithCaller(Constructor.java:499)
at java.base/java.lang.reflect.Constructor.newInstance(Constructor.java:480)
at org.openqa.selenium.remote.codec.w3c.W3CHttpResponseCodec.createException(W3CHttpResponseCodec.java:200)
at org.openqa.selenium.remote.codec.w3c.W3CHttpResponseCodec.decode(W3CHttpResponseCodec.java:133)
at org.openqa.selenium.remote.codec.w3c.W3CHttpResponseCodec.decode(W3CHttpResponseCodec.java:52)
at org.openqa.selenium.remote.HttpCommandExecutor.execute(HttpCommandExecutor.java:191)
at org.openqa.selenium.remote.service.DriverCommandExecutor.invokeExecute(DriverCommandExecutor.java:196)
at org.openqa.selenium.remote.service.DriverCommandExecutor.execute(DriverCommandExecutor.java:171)
at org.openqa.selenium.remote.RemoteWebDriver.execute(RemoteWebDriver.java:518)
at org.openqa.selenium.remote.ElementLocation$ElementFinder$2.findElement(ElementLocation.java:165)
at org.openqa.selenium.remote.ElementLocation.findElement(ElementLocation.java:59)
at org.openqa.selenium.remote.RemoteWebDriver.findElement(RemoteWebDriver.java:355)
at org.openqa.selenium.remote.RemoteWebDriver.findElement(RemoteWebDriver.java:349)
at org.openqa.selenium.support.pagefactory.DefaultElementLocator.findElement(DefaultElementLocator.java:68)
at org.openqa.selenium.support.pagefactory.internal.LocatingElementHandler.invoke(LocatingElementHandler.java:38)
at jdk.proxy2/jdk.proxy2.$Proxy62.isEnabled(Unknown Source)
at stepDefinitionsMainPage.HomePageSD.admin_should_be_able_to_click_the_button_on_lms_portal(HomePageSD.java:167)
at ✽.Admin should be able to click the "Login" button on LMS Portal(file:///Users/auxilia/git/Team09_BDDCoders/src/test/resources/features/01_Main_page_login_page/01_1HomePage.feature:46)
]]>
            </full-stacktrace>
          </exception> <!-- org.openqa.selenium.NoSuchElementException -->
          <reporter-output>
          </reporter-output>
        </test-method> <!-- runScenario -->
        <test-method signature="runScenario(io.cucumber.testng.PickleWrapper,io.cucumber.testng.FeatureWrapper)[pri:0, instance:runner.TestRunner@1f010bf0]" started-at="2023-09-13T15:15:24 EDT" name="runScenario" description="Runs Cucumber Scenarios" data-provider="scenarios" finished-at="2023-09-13T15:15:25 EDT" duration-ms="768" status="FAIL">
          <params>
            <param index="0">
              <value>
                <![CDATA["Verify Admin is able to land on the Login page"]]>
              </value>
            </param>
            <param index="1">
              <value>
                <![CDATA["Login Page Verification"]]>
              </value>
            </param>
          </params>
          <exception class="org.openqa.selenium.NoSuchElementException">
            <message>
              <![CDATA[no such element: Unable to locate element: {"method":"xpath","selector":"//button[text()='Login']"}
  (Session info: chrome=116.0.5845.187)
For documentation on this error, please visit: https://www.selenium.dev/documentation/webdriver/troubleshooting/errors#no-such-element-exception
Build info: version: '4.11.0', revision: '040bc5406b'
System info: os.name: 'Mac OS X', os.arch: 'x86_64', os.version: '12.4', java.version: '17.0.2'
Driver info: org.openqa.selenium.chrome.ChromeDriver
Command: [1e981dc8fa9af0e39d58e706f60c9c18, findElement {using=xpath, value=//button[text()='Login']}]
Capabilities {acceptInsecureCerts: false, browserName: chrome, browserVersion: 116.0.5845.187, chrome: {chromedriverVersion: 116.0.5845.96 (1a3918166880..., userDataDir: /var/folders/hr/z4pdhffx3_5...}, fedcm:accounts: true, goog:chromeOptions: {debuggerAddress: localhost:54962}, networkConnectionEnabled: false, pageLoadStrategy: normal, platformName: mac, proxy: Proxy(), se:cdp: ws://localhost:54962/devtoo..., se:cdpVersion: 116.0.5845.187, setWindowRect: true, strictFileInteractability: false, timeouts: {implicit: 0, pageLoad: 300000, script: 30000}, unhandledPromptBehavior: dismiss and notify, webauthn:extension:credBlob: true, webauthn:extension:largeBlob: true, webauthn:extension:minPinLength: true, webauthn:extension:prf: true, webauthn:virtualAuthenticators: true}
Session ID: 1e981dc8fa9af0e39d58e706f60c9c18]]>
            </message>
            <full-stacktrace>
              <![CDATA[org.openqa.selenium.NoSuchElementException: no such element: Unable to locate element: {"method":"xpath","selector":"//button[text()='Login']"}
  (Session info: chrome=116.0.5845.187)
For documentation on this error, please visit: https://www.selenium.dev/documentation/webdriver/troubleshooting/errors#no-such-element-exception
Build info: version: '4.11.0', revision: '040bc5406b'
System info: os.name: 'Mac OS X', os.arch: 'x86_64', os.version: '12.4', java.version: '17.0.2'
Driver info: org.openqa.selenium.chrome.ChromeDriver
Command: [1e981dc8fa9af0e39d58e706f60c9c18, findElement {using=xpath, value=//button[text()='Login']}]
Capabilities {acceptInsecureCerts: false, browserName: chrome, browserVersion: 116.0.5845.187, chrome: {chromedriverVersion: 116.0.5845.96 (1a3918166880..., userDataDir: /var/folders/hr/z4pdhffx3_5...}, fedcm:accounts: true, goog:chromeOptions: {debuggerAddress: localhost:54962}, networkConnectionEnabled: false, pageLoadStrategy: normal, platformName: mac, proxy: Proxy(), se:cdp: ws://localhost:54962/devtoo..., se:cdpVersion: 116.0.5845.187, setWindowRect: true, strictFileInteractability: false, timeouts: {implicit: 0, pageLoad: 300000, script: 30000}, unhandledPromptBehavior: dismiss and notify, webauthn:extension:credBlob: true, webauthn:extension:largeBlob: true, webauthn:extension:minPinLength: true, webauthn:extension:prf: true, webauthn:virtualAuthenticators: true}
Session ID: 1e981dc8fa9af0e39d58e706f60c9c18
at java.base/jdk.internal.reflect.NativeConstructorAccessorImpl.newInstance0(Native Method)
at java.base/jdk.internal.reflect.NativeConstructorAccessorImpl.newInstance(NativeConstructorAccessorImpl.java:77)
at java.base/jdk.internal.reflect.DelegatingConstructorAccessorImpl.newInstance(DelegatingConstructorAccessorImpl.java:45)
at java.base/java.lang.reflect.Constructor.newInstanceWithCaller(Constructor.java:499)
at java.base/java.lang.reflect.Constructor.newInstance(Constructor.java:480)
at org.openqa.selenium.remote.codec.w3c.W3CHttpResponseCodec.createException(W3CHttpResponseCodec.java:200)
at org.openqa.selenium.remote.codec.w3c.W3CHttpResponseCodec.decode(W3CHttpResponseCodec.java:133)
at org.openqa.selenium.remote.codec.w3c.W3CHttpResponseCodec.decode(W3CHttpResponseCodec.java:52)
at org.openqa.selenium.remote.HttpCommandExecutor.execute(HttpCommandExecutor.java:191)
at org.openqa.selenium.remote.service.DriverCommandExecutor.invokeExecute(DriverCommandExecutor.java:196)
at org.openqa.selenium.remote.service.DriverCommandExecutor.execute(DriverCommandExecutor.java:171)
at org.openqa.selenium.remote.RemoteWebDriver.execute(RemoteWebDriver.java:518)
at org.openqa.selenium.remote.ElementLocation$ElementFinder$2.findElement(ElementLocation.java:165)
at org.openqa.selenium.remote.ElementLocation.findElement(ElementLocation.java:59)
at org.openqa.selenium.remote.RemoteWebDriver.findElement(RemoteWebDriver.java:355)
at org.openqa.selenium.remote.RemoteWebDriver.findElement(RemoteWebDriver.java:349)
at org.openqa.selenium.support.pagefactory.DefaultElementLocator.findElement(DefaultElementLocator.java:68)
at org.openqa.selenium.support.pagefactory.internal.LocatingElementHandler.invoke(LocatingElementHandler.java:38)
at jdk.proxy2/jdk.proxy2.$Proxy62.click(Unknown Source)
at pageObjects.MainPage.clickLoginButton(MainPage.java:142)
at stepDefinitionsMainPage.LoginPageSD.admin_clicks_the_button_on_lms_portal(LoginPageSD.java:51)
at ✽.Admin clicks the "Login" button on LMS portal(file:///Users/auxilia/git/Team09_BDDCoders/src/test/resources/features/01_Main_page_login_page/01_2LoginPage.feature:6)
]]>
            </full-stacktrace>
          </exception> <!-- org.openqa.selenium.NoSuchElementException -->
          <reporter-output>
          </reporter-output>
        </test-method> <!-- runScenario -->
        <test-method signature="runScenario(io.cucumber.testng.PickleWrapper,io.cucumber.testng.FeatureWrapper)[pri:0, instance:runner.TestRunner@1f010bf0]" started-at="2023-09-13T15:15:25 EDT" name="runScenario" description="Runs Cucumber Scenarios" data-provider="scenarios" finished-at="2023-09-13T15:15:25 EDT" duration-ms="686" status="FAIL">
          <params>
            <param index="0">
              <value>
                <![CDATA["Admin verifies for broken link on the login page"]]>
              </value>
            </param>
            <param index="1">
              <value>
                <![CDATA["Login Page Verification"]]>
              </value>
            </param>
          </params>
          <exception class="org.openqa.selenium.NoSuchElementException">
            <message>
              <![CDATA[no such element: Unable to locate element: {"method":"xpath","selector":"//button[text()='Login']"}
  (Session info: chrome=116.0.5845.187)
For documentation on this error, please visit: https://www.selenium.dev/documentation/webdriver/troubleshooting/errors#no-such-element-exception
Build info: version: '4.11.0', revision: '040bc5406b'
System info: os.name: 'Mac OS X', os.arch: 'x86_64', os.version: '12.4', java.version: '17.0.2'
Driver info: org.openqa.selenium.chrome.ChromeDriver
Command: [1e981dc8fa9af0e39d58e706f60c9c18, findElement {using=xpath, value=//button[text()='Login']}]
Capabilities {acceptInsecureCerts: false, browserName: chrome, browserVersion: 116.0.5845.187, chrome: {chromedriverVersion: 116.0.5845.96 (1a3918166880..., userDataDir: /var/folders/hr/z4pdhffx3_5...}, fedcm:accounts: true, goog:chromeOptions: {debuggerAddress: localhost:54962}, networkConnectionEnabled: false, pageLoadStrategy: normal, platformName: mac, proxy: Proxy(), se:cdp: ws://localhost:54962/devtoo..., se:cdpVersion: 116.0.5845.187, setWindowRect: true, strictFileInteractability: false, timeouts: {implicit: 0, pageLoad: 300000, script: 30000}, unhandledPromptBehavior: dismiss and notify, webauthn:extension:credBlob: true, webauthn:extension:largeBlob: true, webauthn:extension:minPinLength: true, webauthn:extension:prf: true, webauthn:virtualAuthenticators: true}
Session ID: 1e981dc8fa9af0e39d58e706f60c9c18]]>
            </message>
            <full-stacktrace>
              <![CDATA[org.openqa.selenium.NoSuchElementException: no such element: Unable to locate element: {"method":"xpath","selector":"//button[text()='Login']"}
  (Session info: chrome=116.0.5845.187)
For documentation on this error, please visit: https://www.selenium.dev/documentation/webdriver/troubleshooting/errors#no-such-element-exception
Build info: version: '4.11.0', revision: '040bc5406b'
System info: os.name: 'Mac OS X', os.arch: 'x86_64', os.version: '12.4', java.version: '17.0.2'
Driver info: org.openqa.selenium.chrome.ChromeDriver
Command: [1e981dc8fa9af0e39d58e706f60c9c18, findElement {using=xpath, value=//button[text()='Login']}]
Capabilities {acceptInsecureCerts: false, browserName: chrome, browserVersion: 116.0.5845.187, chrome: {chromedriverVersion: 116.0.5845.96 (1a3918166880..., userDataDir: /var/folders/hr/z4pdhffx3_5...}, fedcm:accounts: true, goog:chromeOptions: {debuggerAddress: localhost:54962}, networkConnectionEnabled: false, pageLoadStrategy: normal, platformName: mac, proxy: Proxy(), se:cdp: ws://localhost:54962/devtoo..., se:cdpVersion: 116.0.5845.187, setWindowRect: true, strictFileInteractability: false, timeouts: {implicit: 0, pageLoad: 300000, script: 30000}, unhandledPromptBehavior: dismiss and notify, webauthn:extension:credBlob: true, webauthn:extension:largeBlob: true, webauthn:extension:minPinLength: true, webauthn:extension:prf: true, webauthn:virtualAuthenticators: true}
Session ID: 1e981dc8fa9af0e39d58e706f60c9c18
at java.base/jdk.internal.reflect.NativeConstructorAccessorImpl.newInstance0(Native Method)
at java.base/jdk.internal.reflect.NativeConstructorAccessorImpl.newInstance(NativeConstructorAccessorImpl.java:77)
at java.base/jdk.internal.reflect.DelegatingConstructorAccessorImpl.newInstance(DelegatingConstructorAccessorImpl.java:45)
at java.base/java.lang.reflect.Constructor.newInstanceWithCaller(Constructor.java:499)
at java.base/java.lang.reflect.Constructor.newInstance(Constructor.java:480)
at org.openqa.selenium.remote.codec.w3c.W3CHttpResponseCodec.createException(W3CHttpResponseCodec.java:200)
at org.openqa.selenium.remote.codec.w3c.W3CHttpResponseCodec.decode(W3CHttpResponseCodec.java:133)
at org.openqa.selenium.remote.codec.w3c.W3CHttpResponseCodec.decode(W3CHttpResponseCodec.java:52)
at org.openqa.selenium.remote.HttpCommandExecutor.execute(HttpCommandExecutor.java:191)
at org.openqa.selenium.remote.service.DriverCommandExecutor.invokeExecute(DriverCommandExecutor.java:196)
at org.openqa.selenium.remote.service.DriverCommandExecutor.execute(DriverCommandExecutor.java:171)
at org.openqa.selenium.remote.RemoteWebDriver.execute(RemoteWebDriver.java:518)
at org.openqa.selenium.remote.ElementLocation$ElementFinder$2.findElement(ElementLocation.java:165)
at org.openqa.selenium.remote.ElementLocation.findElement(ElementLocation.java:59)
at org.openqa.selenium.remote.RemoteWebDriver.findElement(RemoteWebDriver.java:355)
at org.openqa.selenium.remote.RemoteWebDriver.findElement(RemoteWebDriver.java:349)
at org.openqa.selenium.support.pagefactory.DefaultElementLocator.findElement(DefaultElementLocator.java:68)
at org.openqa.selenium.support.pagefactory.internal.LocatingElementHandler.invoke(LocatingElementHandler.java:38)
at jdk.proxy2/jdk.proxy2.$Proxy62.click(Unknown Source)
at pageObjects.MainPage.clickLoginButton(MainPage.java:142)
at stepDefinitionsMainPage.LoginPageSD.admin_clicks_the_button_on_lms_portal(LoginPageSD.java:51)
at ✽.Admin clicks the "Login" button on LMS portal(file:///Users/auxilia/git/Team09_BDDCoders/src/test/resources/features/01_Main_page_login_page/01_2LoginPage.feature:6)
]]>
            </full-stacktrace>
          </exception> <!-- org.openqa.selenium.NoSuchElementException -->
          <reporter-output>
          </reporter-output>
        </test-method> <!-- runScenario -->
        <test-method signature="runScenario(io.cucumber.testng.PickleWrapper,io.cucumber.testng.FeatureWrapper)[pri:0, instance:runner.TestRunner@1f010bf0]" started-at="2023-09-13T15:15:25 EDT" name="runScenario" description="Runs Cucumber Scenarios" data-provider="scenarios" finished-at="2023-09-13T15:15:26 EDT" duration-ms="705" status="FAIL">
          <params>
            <param index="0">
              <value>
                <![CDATA["Admin Verify the header of the login page"]]>
              </value>
            </param>
            <param index="1">
              <value>
                <![CDATA["Login Page Verification"]]>
              </value>
            </param>
          </params>
          <exception class="org.openqa.selenium.NoSuchElementException">
            <message>
              <![CDATA[no such element: Unable to locate element: {"method":"xpath","selector":"//button[text()='Login']"}
  (Session info: chrome=116.0.5845.187)
For documentation on this error, please visit: https://www.selenium.dev/documentation/webdriver/troubleshooting/errors#no-such-element-exception
Build info: version: '4.11.0', revision: '040bc5406b'
System info: os.name: 'Mac OS X', os.arch: 'x86_64', os.version: '12.4', java.version: '17.0.2'
Driver info: org.openqa.selenium.chrome.ChromeDriver
Command: [1e981dc8fa9af0e39d58e706f60c9c18, findElement {using=xpath, value=//button[text()='Login']}]
Capabilities {acceptInsecureCerts: false, browserName: chrome, browserVersion: 116.0.5845.187, chrome: {chromedriverVersion: 116.0.5845.96 (1a3918166880..., userDataDir: /var/folders/hr/z4pdhffx3_5...}, fedcm:accounts: true, goog:chromeOptions: {debuggerAddress: localhost:54962}, networkConnectionEnabled: false, pageLoadStrategy: normal, platformName: mac, proxy: Proxy(), se:cdp: ws://localhost:54962/devtoo..., se:cdpVersion: 116.0.5845.187, setWindowRect: true, strictFileInteractability: false, timeouts: {implicit: 0, pageLoad: 300000, script: 30000}, unhandledPromptBehavior: dismiss and notify, webauthn:extension:credBlob: true, webauthn:extension:largeBlob: true, webauthn:extension:minPinLength: true, webauthn:extension:prf: true, webauthn:virtualAuthenticators: true}
Session ID: 1e981dc8fa9af0e39d58e706f60c9c18]]>
            </message>
            <full-stacktrace>
              <![CDATA[org.openqa.selenium.NoSuchElementException: no such element: Unable to locate element: {"method":"xpath","selector":"//button[text()='Login']"}
  (Session info: chrome=116.0.5845.187)
For documentation on this error, please visit: https://www.selenium.dev/documentation/webdriver/troubleshooting/errors#no-such-element-exception
Build info: version: '4.11.0', revision: '040bc5406b'
System info: os.name: 'Mac OS X', os.arch: 'x86_64', os.version: '12.4', java.version: '17.0.2'
Driver info: org.openqa.selenium.chrome.ChromeDriver
Command: [1e981dc8fa9af0e39d58e706f60c9c18, findElement {using=xpath, value=//button[text()='Login']}]
Capabilities {acceptInsecureCerts: false, browserName: chrome, browserVersion: 116.0.5845.187, chrome: {chromedriverVersion: 116.0.5845.96 (1a3918166880..., userDataDir: /var/folders/hr/z4pdhffx3_5...}, fedcm:accounts: true, goog:chromeOptions: {debuggerAddress: localhost:54962}, networkConnectionEnabled: false, pageLoadStrategy: normal, platformName: mac, proxy: Proxy(), se:cdp: ws://localhost:54962/devtoo..., se:cdpVersion: 116.0.5845.187, setWindowRect: true, strictFileInteractability: false, timeouts: {implicit: 0, pageLoad: 300000, script: 30000}, unhandledPromptBehavior: dismiss and notify, webauthn:extension:credBlob: true, webauthn:extension:largeBlob: true, webauthn:extension:minPinLength: true, webauthn:extension:prf: true, webauthn:virtualAuthenticators: true}
Session ID: 1e981dc8fa9af0e39d58e706f60c9c18
at java.base/jdk.internal.reflect.NativeConstructorAccessorImpl.newInstance0(Native Method)
at java.base/jdk.internal.reflect.NativeConstructorAccessorImpl.newInstance(NativeConstructorAccessorImpl.java:77)
at java.base/jdk.internal.reflect.DelegatingConstructorAccessorImpl.newInstance(DelegatingConstructorAccessorImpl.java:45)
at java.base/java.lang.reflect.Constructor.newInstanceWithCaller(Constructor.java:499)
at java.base/java.lang.reflect.Constructor.newInstance(Constructor.java:480)
at org.openqa.selenium.remote.codec.w3c.W3CHttpResponseCodec.createException(W3CHttpResponseCodec.java:200)
at org.openqa.selenium.remote.codec.w3c.W3CHttpResponseCodec.decode(W3CHttpResponseCodec.java:133)
at org.openqa.selenium.remote.codec.w3c.W3CHttpResponseCodec.decode(W3CHttpResponseCodec.java:52)
at org.openqa.selenium.remote.HttpCommandExecutor.execute(HttpCommandExecutor.java:191)
at org.openqa.selenium.remote.service.DriverCommandExecutor.invokeExecute(DriverCommandExecutor.java:196)
at org.openqa.selenium.remote.service.DriverCommandExecutor.execute(DriverCommandExecutor.java:171)
at org.openqa.selenium.remote.RemoteWebDriver.execute(RemoteWebDriver.java:518)
at org.openqa.selenium.remote.ElementLocation$ElementFinder$2.findElement(ElementLocation.java:165)
at org.openqa.selenium.remote.ElementLocation.findElement(ElementLocation.java:59)
at org.openqa.selenium.remote.RemoteWebDriver.findElement(RemoteWebDriver.java:355)
at org.openqa.selenium.remote.RemoteWebDriver.findElement(RemoteWebDriver.java:349)
at org.openqa.selenium.support.pagefactory.DefaultElementLocator.findElement(DefaultElementLocator.java:68)
at org.openqa.selenium.support.pagefactory.internal.LocatingElementHandler.invoke(LocatingElementHandler.java:38)
at jdk.proxy2/jdk.proxy2.$Proxy62.click(Unknown Source)
at pageObjects.MainPage.clickLoginButton(MainPage.java:142)
at stepDefinitionsMainPage.LoginPageSD.admin_clicks_the_button_on_lms_portal(LoginPageSD.java:51)
at ✽.Admin clicks the "Login" button on LMS portal(file:///Users/auxilia/git/Team09_BDDCoders/src/test/resources/features/01_Main_page_login_page/01_2LoginPage.feature:6)
]]>
            </full-stacktrace>
          </exception> <!-- org.openqa.selenium.NoSuchElementException -->
          <reporter-output>
          </reporter-output>
        </test-method> <!-- runScenario -->
        <test-method signature="runScenario(io.cucumber.testng.PickleWrapper,io.cucumber.testng.FeatureWrapper)[pri:0, instance:runner.TestRunner@1f010bf0]" started-at="2023-09-13T15:15:26 EDT" name="runScenario" description="Runs Cucumber Scenarios" data-provider="scenarios" finished-at="2023-09-13T15:15:27 EDT" duration-ms="789" status="FAIL">
          <params>
            <param index="0">
              <value>
                <![CDATA["Admin verifies correct spellings in all fields on the Login page"]]>
              </value>
            </param>
            <param index="1">
              <value>
                <![CDATA["Login Page Verification"]]>
              </value>
            </param>
          </params>
          <exception class="org.openqa.selenium.NoSuchElementException">
            <message>
              <![CDATA[no such element: Unable to locate element: {"method":"xpath","selector":"//button[text()='Login']"}
  (Session info: chrome=116.0.5845.187)
For documentation on this error, please visit: https://www.selenium.dev/documentation/webdriver/troubleshooting/errors#no-such-element-exception
Build info: version: '4.11.0', revision: '040bc5406b'
System info: os.name: 'Mac OS X', os.arch: 'x86_64', os.version: '12.4', java.version: '17.0.2'
Driver info: org.openqa.selenium.chrome.ChromeDriver
Command: [1e981dc8fa9af0e39d58e706f60c9c18, findElement {using=xpath, value=//button[text()='Login']}]
Capabilities {acceptInsecureCerts: false, browserName: chrome, browserVersion: 116.0.5845.187, chrome: {chromedriverVersion: 116.0.5845.96 (1a3918166880..., userDataDir: /var/folders/hr/z4pdhffx3_5...}, fedcm:accounts: true, goog:chromeOptions: {debuggerAddress: localhost:54962}, networkConnectionEnabled: false, pageLoadStrategy: normal, platformName: mac, proxy: Proxy(), se:cdp: ws://localhost:54962/devtoo..., se:cdpVersion: 116.0.5845.187, setWindowRect: true, strictFileInteractability: false, timeouts: {implicit: 0, pageLoad: 300000, script: 30000}, unhandledPromptBehavior: dismiss and notify, webauthn:extension:credBlob: true, webauthn:extension:largeBlob: true, webauthn:extension:minPinLength: true, webauthn:extension:prf: true, webauthn:virtualAuthenticators: true}
Session ID: 1e981dc8fa9af0e39d58e706f60c9c18]]>
            </message>
            <full-stacktrace>
              <![CDATA[org.openqa.selenium.NoSuchElementException: no such element: Unable to locate element: {"method":"xpath","selector":"//button[text()='Login']"}
  (Session info: chrome=116.0.5845.187)
For documentation on this error, please visit: https://www.selenium.dev/documentation/webdriver/troubleshooting/errors#no-such-element-exception
Build info: version: '4.11.0', revision: '040bc5406b'
System info: os.name: 'Mac OS X', os.arch: 'x86_64', os.version: '12.4', java.version: '17.0.2'
Driver info: org.openqa.selenium.chrome.ChromeDriver
Command: [1e981dc8fa9af0e39d58e706f60c9c18, findElement {using=xpath, value=//button[text()='Login']}]
Capabilities {acceptInsecureCerts: false, browserName: chrome, browserVersion: 116.0.5845.187, chrome: {chromedriverVersion: 116.0.5845.96 (1a3918166880..., userDataDir: /var/folders/hr/z4pdhffx3_5...}, fedcm:accounts: true, goog:chromeOptions: {debuggerAddress: localhost:54962}, networkConnectionEnabled: false, pageLoadStrategy: normal, platformName: mac, proxy: Proxy(), se:cdp: ws://localhost:54962/devtoo..., se:cdpVersion: 116.0.5845.187, setWindowRect: true, strictFileInteractability: false, timeouts: {implicit: 0, pageLoad: 300000, script: 30000}, unhandledPromptBehavior: dismiss and notify, webauthn:extension:credBlob: true, webauthn:extension:largeBlob: true, webauthn:extension:minPinLength: true, webauthn:extension:prf: true, webauthn:virtualAuthenticators: true}
Session ID: 1e981dc8fa9af0e39d58e706f60c9c18
at java.base/jdk.internal.reflect.NativeConstructorAccessorImpl.newInstance0(Native Method)
at java.base/jdk.internal.reflect.NativeConstructorAccessorImpl.newInstance(NativeConstructorAccessorImpl.java:77)
at java.base/jdk.internal.reflect.DelegatingConstructorAccessorImpl.newInstance(DelegatingConstructorAccessorImpl.java:45)
at java.base/java.lang.reflect.Constructor.newInstanceWithCaller(Constructor.java:499)
at java.base/java.lang.reflect.Constructor.newInstance(Constructor.java:480)
at org.openqa.selenium.remote.codec.w3c.W3CHttpResponseCodec.createException(W3CHttpResponseCodec.java:200)
at org.openqa.selenium.remote.codec.w3c.W3CHttpResponseCodec.decode(W3CHttpResponseCodec.java:133)
at org.openqa.selenium.remote.codec.w3c.W3CHttpResponseCodec.decode(W3CHttpResponseCodec.java:52)
at org.openqa.selenium.remote.HttpCommandExecutor.execute(HttpCommandExecutor.java:191)
at org.openqa.selenium.remote.service.DriverCommandExecutor.invokeExecute(DriverCommandExecutor.java:196)
at org.openqa.selenium.remote.service.DriverCommandExecutor.execute(DriverCommandExecutor.java:171)
at org.openqa.selenium.remote.RemoteWebDriver.execute(RemoteWebDriver.java:518)
at org.openqa.selenium.remote.ElementLocation$ElementFinder$2.findElement(ElementLocation.java:165)
at org.openqa.selenium.remote.ElementLocation.findElement(ElementLocation.java:59)
at org.openqa.selenium.remote.RemoteWebDriver.findElement(RemoteWebDriver.java:355)
at org.openqa.selenium.remote.RemoteWebDriver.findElement(RemoteWebDriver.java:349)
at org.openqa.selenium.support.pagefactory.DefaultElementLocator.findElement(DefaultElementLocator.java:68)
at org.openqa.selenium.support.pagefactory.internal.LocatingElementHandler.invoke(LocatingElementHandler.java:38)
at jdk.proxy2/jdk.proxy2.$Proxy62.click(Unknown Source)
at pageObjects.MainPage.clickLoginButton(MainPage.java:142)
at stepDefinitionsMainPage.LoginPageSD.admin_clicks_the_button_on_lms_portal(LoginPageSD.java:51)
at ✽.Admin clicks the "Login" button on LMS portal(file:///Users/auxilia/git/Team09_BDDCoders/src/test/resources/features/01_Main_page_login_page/01_2LoginPage.feature:6)
]]>
            </full-stacktrace>
          </exception> <!-- org.openqa.selenium.NoSuchElementException -->
          <reporter-output>
          </reporter-output>
        </test-method> <!-- runScenario -->
        <test-method signature="runScenario(io.cucumber.testng.PickleWrapper,io.cucumber.testng.FeatureWrapper)[pri:0, instance:runner.TestRunner@1f010bf0]" started-at="2023-09-13T15:15:27 EDT" name="runScenario" description="Runs Cucumber Scenarios" data-provider="scenarios" finished-at="2023-09-13T15:15:28 EDT" duration-ms="725" status="FAIL">
          <params>
            <param index="0">
              <value>
                <![CDATA["Admin Verify the text fields are present on the login page"]]>
              </value>
            </param>
            <param index="1">
              <value>
                <![CDATA["Login Page Verification"]]>
              </value>
            </param>
          </params>
          <exception class="org.openqa.selenium.NoSuchElementException">
            <message>
              <![CDATA[no such element: Unable to locate element: {"method":"xpath","selector":"//button[text()='Login']"}
  (Session info: chrome=116.0.5845.187)
For documentation on this error, please visit: https://www.selenium.dev/documentation/webdriver/troubleshooting/errors#no-such-element-exception
Build info: version: '4.11.0', revision: '040bc5406b'
System info: os.name: 'Mac OS X', os.arch: 'x86_64', os.version: '12.4', java.version: '17.0.2'
Driver info: org.openqa.selenium.chrome.ChromeDriver
Command: [1e981dc8fa9af0e39d58e706f60c9c18, findElement {using=xpath, value=//button[text()='Login']}]
Capabilities {acceptInsecureCerts: false, browserName: chrome, browserVersion: 116.0.5845.187, chrome: {chromedriverVersion: 116.0.5845.96 (1a3918166880..., userDataDir: /var/folders/hr/z4pdhffx3_5...}, fedcm:accounts: true, goog:chromeOptions: {debuggerAddress: localhost:54962}, networkConnectionEnabled: false, pageLoadStrategy: normal, platformName: mac, proxy: Proxy(), se:cdp: ws://localhost:54962/devtoo..., se:cdpVersion: 116.0.5845.187, setWindowRect: true, strictFileInteractability: false, timeouts: {implicit: 0, pageLoad: 300000, script: 30000}, unhandledPromptBehavior: dismiss and notify, webauthn:extension:credBlob: true, webauthn:extension:largeBlob: true, webauthn:extension:minPinLength: true, webauthn:extension:prf: true, webauthn:virtualAuthenticators: true}
Session ID: 1e981dc8fa9af0e39d58e706f60c9c18]]>
            </message>
            <full-stacktrace>
              <![CDATA[org.openqa.selenium.NoSuchElementException: no such element: Unable to locate element: {"method":"xpath","selector":"//button[text()='Login']"}
  (Session info: chrome=116.0.5845.187)
For documentation on this error, please visit: https://www.selenium.dev/documentation/webdriver/troubleshooting/errors#no-such-element-exception
Build info: version: '4.11.0', revision: '040bc5406b'
System info: os.name: 'Mac OS X', os.arch: 'x86_64', os.version: '12.4', java.version: '17.0.2'
Driver info: org.openqa.selenium.chrome.ChromeDriver
Command: [1e981dc8fa9af0e39d58e706f60c9c18, findElement {using=xpath, value=//button[text()='Login']}]
Capabilities {acceptInsecureCerts: false, browserName: chrome, browserVersion: 116.0.5845.187, chrome: {chromedriverVersion: 116.0.5845.96 (1a3918166880..., userDataDir: /var/folders/hr/z4pdhffx3_5...}, fedcm:accounts: true, goog:chromeOptions: {debuggerAddress: localhost:54962}, networkConnectionEnabled: false, pageLoadStrategy: normal, platformName: mac, proxy: Proxy(), se:cdp: ws://localhost:54962/devtoo..., se:cdpVersion: 116.0.5845.187, setWindowRect: true, strictFileInteractability: false, timeouts: {implicit: 0, pageLoad: 300000, script: 30000}, unhandledPromptBehavior: dismiss and notify, webauthn:extension:credBlob: true, webauthn:extension:largeBlob: true, webauthn:extension:minPinLength: true, webauthn:extension:prf: true, webauthn:virtualAuthenticators: true}
Session ID: 1e981dc8fa9af0e39d58e706f60c9c18
at java.base/jdk.internal.reflect.NativeConstructorAccessorImpl.newInstance0(Native Method)
at java.base/jdk.internal.reflect.NativeConstructorAccessorImpl.newInstance(NativeConstructorAccessorImpl.java:77)
at java.base/jdk.internal.reflect.DelegatingConstructorAccessorImpl.newInstance(DelegatingConstructorAccessorImpl.java:45)
at java.base/java.lang.reflect.Constructor.newInstanceWithCaller(Constructor.java:499)
at java.base/java.lang.reflect.Constructor.newInstance(Constructor.java:480)
at org.openqa.selenium.remote.codec.w3c.W3CHttpResponseCodec.createException(W3CHttpResponseCodec.java:200)
at org.openqa.selenium.remote.codec.w3c.W3CHttpResponseCodec.decode(W3CHttpResponseCodec.java:133)
at org.openqa.selenium.remote.codec.w3c.W3CHttpResponseCodec.decode(W3CHttpResponseCodec.java:52)
at org.openqa.selenium.remote.HttpCommandExecutor.execute(HttpCommandExecutor.java:191)
at org.openqa.selenium.remote.service.DriverCommandExecutor.invokeExecute(DriverCommandExecutor.java:196)
at org.openqa.selenium.remote.service.DriverCommandExecutor.execute(DriverCommandExecutor.java:171)
at org.openqa.selenium.remote.RemoteWebDriver.execute(RemoteWebDriver.java:518)
at org.openqa.selenium.remote.ElementLocation$ElementFinder$2.findElement(ElementLocation.java:165)
at org.openqa.selenium.remote.ElementLocation.findElement(ElementLocation.java:59)
at org.openqa.selenium.remote.RemoteWebDriver.findElement(RemoteWebDriver.java:355)
at org.openqa.selenium.remote.RemoteWebDriver.findElement(RemoteWebDriver.java:349)
at org.openqa.selenium.support.pagefactory.DefaultElementLocator.findElement(DefaultElementLocator.java:68)
at org.openqa.selenium.support.pagefactory.internal.LocatingElementHandler.invoke(LocatingElementHandler.java:38)
at jdk.proxy2/jdk.proxy2.$Proxy62.click(Unknown Source)
at pageObjects.MainPage.clickLoginButton(MainPage.java:142)
at stepDefinitionsMainPage.LoginPageSD.admin_clicks_the_button_on_lms_portal(LoginPageSD.java:51)
at ✽.Admin clicks the "Login" button on LMS portal(file:///Users/auxilia/git/Team09_BDDCoders/src/test/resources/features/01_Main_page_login_page/01_2LoginPage.feature:6)
]]>
            </full-stacktrace>
          </exception> <!-- org.openqa.selenium.NoSuchElementException -->
          <reporter-output>
          </reporter-output>
        </test-method> <!-- runScenario -->
        <test-method signature="runScenario(io.cucumber.testng.PickleWrapper,io.cucumber.testng.FeatureWrapper)[pri:0, instance:runner.TestRunner@1f010bf0]" started-at="2023-09-13T15:15:28 EDT" name="runScenario" description="Runs Cucumber Scenarios" data-provider="scenarios" finished-at="2023-09-13T15:15:28 EDT" duration-ms="719" status="FAIL">
          <params>
            <param index="0">
              <value>
                <![CDATA["Admin Verify the text on the first text field on the login page"]]>
              </value>
            </param>
            <param index="1">
              <value>
                <![CDATA["Login Page Verification"]]>
              </value>
            </param>
          </params>
          <exception class="org.openqa.selenium.NoSuchElementException">
            <message>
              <![CDATA[no such element: Unable to locate element: {"method":"xpath","selector":"//button[text()='Login']"}
  (Session info: chrome=116.0.5845.187)
For documentation on this error, please visit: https://www.selenium.dev/documentation/webdriver/troubleshooting/errors#no-such-element-exception
Build info: version: '4.11.0', revision: '040bc5406b'
System info: os.name: 'Mac OS X', os.arch: 'x86_64', os.version: '12.4', java.version: '17.0.2'
Driver info: org.openqa.selenium.chrome.ChromeDriver
Command: [1e981dc8fa9af0e39d58e706f60c9c18, findElement {using=xpath, value=//button[text()='Login']}]
Capabilities {acceptInsecureCerts: false, browserName: chrome, browserVersion: 116.0.5845.187, chrome: {chromedriverVersion: 116.0.5845.96 (1a3918166880..., userDataDir: /var/folders/hr/z4pdhffx3_5...}, fedcm:accounts: true, goog:chromeOptions: {debuggerAddress: localhost:54962}, networkConnectionEnabled: false, pageLoadStrategy: normal, platformName: mac, proxy: Proxy(), se:cdp: ws://localhost:54962/devtoo..., se:cdpVersion: 116.0.5845.187, setWindowRect: true, strictFileInteractability: false, timeouts: {implicit: 0, pageLoad: 300000, script: 30000}, unhandledPromptBehavior: dismiss and notify, webauthn:extension:credBlob: true, webauthn:extension:largeBlob: true, webauthn:extension:minPinLength: true, webauthn:extension:prf: true, webauthn:virtualAuthenticators: true}
Session ID: 1e981dc8fa9af0e39d58e706f60c9c18]]>
            </message>
            <full-stacktrace>
              <![CDATA[org.openqa.selenium.NoSuchElementException: no such element: Unable to locate element: {"method":"xpath","selector":"//button[text()='Login']"}
  (Session info: chrome=116.0.5845.187)
For documentation on this error, please visit: https://www.selenium.dev/documentation/webdriver/troubleshooting/errors#no-such-element-exception
Build info: version: '4.11.0', revision: '040bc5406b'
System info: os.name: 'Mac OS X', os.arch: 'x86_64', os.version: '12.4', java.version: '17.0.2'
Driver info: org.openqa.selenium.chrome.ChromeDriver
Command: [1e981dc8fa9af0e39d58e706f60c9c18, findElement {using=xpath, value=//button[text()='Login']}]
Capabilities {acceptInsecureCerts: false, browserName: chrome, browserVersion: 116.0.5845.187, chrome: {chromedriverVersion: 116.0.5845.96 (1a3918166880..., userDataDir: /var/folders/hr/z4pdhffx3_5...}, fedcm:accounts: true, goog:chromeOptions: {debuggerAddress: localhost:54962}, networkConnectionEnabled: false, pageLoadStrategy: normal, platformName: mac, proxy: Proxy(), se:cdp: ws://localhost:54962/devtoo..., se:cdpVersion: 116.0.5845.187, setWindowRect: true, strictFileInteractability: false, timeouts: {implicit: 0, pageLoad: 300000, script: 30000}, unhandledPromptBehavior: dismiss and notify, webauthn:extension:credBlob: true, webauthn:extension:largeBlob: true, webauthn:extension:minPinLength: true, webauthn:extension:prf: true, webauthn:virtualAuthenticators: true}
Session ID: 1e981dc8fa9af0e39d58e706f60c9c18
at java.base/jdk.internal.reflect.NativeConstructorAccessorImpl.newInstance0(Native Method)
at java.base/jdk.internal.reflect.NativeConstructorAccessorImpl.newInstance(NativeConstructorAccessorImpl.java:77)
at java.base/jdk.internal.reflect.DelegatingConstructorAccessorImpl.newInstance(DelegatingConstructorAccessorImpl.java:45)
at java.base/java.lang.reflect.Constructor.newInstanceWithCaller(Constructor.java:499)
at java.base/java.lang.reflect.Constructor.newInstance(Constructor.java:480)
at org.openqa.selenium.remote.codec.w3c.W3CHttpResponseCodec.createException(W3CHttpResponseCodec.java:200)
at org.openqa.selenium.remote.codec.w3c.W3CHttpResponseCodec.decode(W3CHttpResponseCodec.java:133)
at org.openqa.selenium.remote.codec.w3c.W3CHttpResponseCodec.decode(W3CHttpResponseCodec.java:52)
at org.openqa.selenium.remote.HttpCommandExecutor.execute(HttpCommandExecutor.java:191)
at org.openqa.selenium.remote.service.DriverCommandExecutor.invokeExecute(DriverCommandExecutor.java:196)
at org.openqa.selenium.remote.service.DriverCommandExecutor.execute(DriverCommandExecutor.java:171)
at org.openqa.selenium.remote.RemoteWebDriver.execute(RemoteWebDriver.java:518)
at org.openqa.selenium.remote.ElementLocation$ElementFinder$2.findElement(ElementLocation.java:165)
at org.openqa.selenium.remote.ElementLocation.findElement(ElementLocation.java:59)
at org.openqa.selenium.remote.RemoteWebDriver.findElement(RemoteWebDriver.java:355)
at org.openqa.selenium.remote.RemoteWebDriver.findElement(RemoteWebDriver.java:349)
at org.openqa.selenium.support.pagefactory.DefaultElementLocator.findElement(DefaultElementLocator.java:68)
at org.openqa.selenium.support.pagefactory.internal.LocatingElementHandler.invoke(LocatingElementHandler.java:38)
at jdk.proxy2/jdk.proxy2.$Proxy62.click(Unknown Source)
at pageObjects.MainPage.clickLoginButton(MainPage.java:142)
at stepDefinitionsMainPage.LoginPageSD.admin_clicks_the_button_on_lms_portal(LoginPageSD.java:51)
at ✽.Admin clicks the "Login" button on LMS portal(file:///Users/auxilia/git/Team09_BDDCoders/src/test/resources/features/01_Main_page_login_page/01_2LoginPage.feature:6)
]]>
            </full-stacktrace>
          </exception> <!-- org.openqa.selenium.NoSuchElementException -->
          <reporter-output>
          </reporter-output>
        </test-method> <!-- runScenario -->
        <test-method signature="runScenario(io.cucumber.testng.PickleWrapper,io.cucumber.testng.FeatureWrapper)[pri:0, instance:runner.TestRunner@1f010bf0]" started-at="2023-09-13T15:15:28 EDT" name="runScenario" description="Runs Cucumber Scenarios" data-provider="scenarios" finished-at="2023-09-13T15:15:29 EDT" duration-ms="687" status="FAIL">
          <params>
            <param index="0">
              <value>
                <![CDATA["Admin Verify asterik next to the user text on the login page"]]>
              </value>
            </param>
            <param index="1">
              <value>
                <![CDATA["Login Page Verification"]]>
              </value>
            </param>
          </params>
          <exception class="org.openqa.selenium.NoSuchElementException">
            <message>
              <![CDATA[no such element: Unable to locate element: {"method":"xpath","selector":"//button[text()='Login']"}
  (Session info: chrome=116.0.5845.187)
For documentation on this error, please visit: https://www.selenium.dev/documentation/webdriver/troubleshooting/errors#no-such-element-exception
Build info: version: '4.11.0', revision: '040bc5406b'
System info: os.name: 'Mac OS X', os.arch: 'x86_64', os.version: '12.4', java.version: '17.0.2'
Driver info: org.openqa.selenium.chrome.ChromeDriver
Command: [1e981dc8fa9af0e39d58e706f60c9c18, findElement {using=xpath, value=//button[text()='Login']}]
Capabilities {acceptInsecureCerts: false, browserName: chrome, browserVersion: 116.0.5845.187, chrome: {chromedriverVersion: 116.0.5845.96 (1a3918166880..., userDataDir: /var/folders/hr/z4pdhffx3_5...}, fedcm:accounts: true, goog:chromeOptions: {debuggerAddress: localhost:54962}, networkConnectionEnabled: false, pageLoadStrategy: normal, platformName: mac, proxy: Proxy(), se:cdp: ws://localhost:54962/devtoo..., se:cdpVersion: 116.0.5845.187, setWindowRect: true, strictFileInteractability: false, timeouts: {implicit: 0, pageLoad: 300000, script: 30000}, unhandledPromptBehavior: dismiss and notify, webauthn:extension:credBlob: true, webauthn:extension:largeBlob: true, webauthn:extension:minPinLength: true, webauthn:extension:prf: true, webauthn:virtualAuthenticators: true}
Session ID: 1e981dc8fa9af0e39d58e706f60c9c18]]>
            </message>
            <full-stacktrace>
              <![CDATA[org.openqa.selenium.NoSuchElementException: no such element: Unable to locate element: {"method":"xpath","selector":"//button[text()='Login']"}
  (Session info: chrome=116.0.5845.187)
For documentation on this error, please visit: https://www.selenium.dev/documentation/webdriver/troubleshooting/errors#no-such-element-exception
Build info: version: '4.11.0', revision: '040bc5406b'
System info: os.name: 'Mac OS X', os.arch: 'x86_64', os.version: '12.4', java.version: '17.0.2'
Driver info: org.openqa.selenium.chrome.ChromeDriver
Command: [1e981dc8fa9af0e39d58e706f60c9c18, findElement {using=xpath, value=//button[text()='Login']}]
Capabilities {acceptInsecureCerts: false, browserName: chrome, browserVersion: 116.0.5845.187, chrome: {chromedriverVersion: 116.0.5845.96 (1a3918166880..., userDataDir: /var/folders/hr/z4pdhffx3_5...}, fedcm:accounts: true, goog:chromeOptions: {debuggerAddress: localhost:54962}, networkConnectionEnabled: false, pageLoadStrategy: normal, platformName: mac, proxy: Proxy(), se:cdp: ws://localhost:54962/devtoo..., se:cdpVersion: 116.0.5845.187, setWindowRect: true, strictFileInteractability: false, timeouts: {implicit: 0, pageLoad: 300000, script: 30000}, unhandledPromptBehavior: dismiss and notify, webauthn:extension:credBlob: true, webauthn:extension:largeBlob: true, webauthn:extension:minPinLength: true, webauthn:extension:prf: true, webauthn:virtualAuthenticators: true}
Session ID: 1e981dc8fa9af0e39d58e706f60c9c18
at java.base/jdk.internal.reflect.NativeConstructorAccessorImpl.newInstance0(Native Method)
at java.base/jdk.internal.reflect.NativeConstructorAccessorImpl.newInstance(NativeConstructorAccessorImpl.java:77)
at java.base/jdk.internal.reflect.DelegatingConstructorAccessorImpl.newInstance(DelegatingConstructorAccessorImpl.java:45)
at java.base/java.lang.reflect.Constructor.newInstanceWithCaller(Constructor.java:499)
at java.base/java.lang.reflect.Constructor.newInstance(Constructor.java:480)
at org.openqa.selenium.remote.codec.w3c.W3CHttpResponseCodec.createException(W3CHttpResponseCodec.java:200)
at org.openqa.selenium.remote.codec.w3c.W3CHttpResponseCodec.decode(W3CHttpResponseCodec.java:133)
at org.openqa.selenium.remote.codec.w3c.W3CHttpResponseCodec.decode(W3CHttpResponseCodec.java:52)
at org.openqa.selenium.remote.HttpCommandExecutor.execute(HttpCommandExecutor.java:191)
at org.openqa.selenium.remote.service.DriverCommandExecutor.invokeExecute(DriverCommandExecutor.java:196)
at org.openqa.selenium.remote.service.DriverCommandExecutor.execute(DriverCommandExecutor.java:171)
at org.openqa.selenium.remote.RemoteWebDriver.execute(RemoteWebDriver.java:518)
at org.openqa.selenium.remote.ElementLocation$ElementFinder$2.findElement(ElementLocation.java:165)
at org.openqa.selenium.remote.ElementLocation.findElement(ElementLocation.java:59)
at org.openqa.selenium.remote.RemoteWebDriver.findElement(RemoteWebDriver.java:355)
at org.openqa.selenium.remote.RemoteWebDriver.findElement(RemoteWebDriver.java:349)
at org.openqa.selenium.support.pagefactory.DefaultElementLocator.findElement(DefaultElementLocator.java:68)
at org.openqa.selenium.support.pagefactory.internal.LocatingElementHandler.invoke(LocatingElementHandler.java:38)
at jdk.proxy2/jdk.proxy2.$Proxy62.click(Unknown Source)
at pageObjects.MainPage.clickLoginButton(MainPage.java:142)
at stepDefinitionsMainPage.LoginPageSD.admin_clicks_the_button_on_lms_portal(LoginPageSD.java:51)
at ✽.Admin clicks the "Login" button on LMS portal(file:///Users/auxilia/git/Team09_BDDCoders/src/test/resources/features/01_Main_page_login_page/01_2LoginPage.feature:6)
]]>
            </full-stacktrace>
          </exception> <!-- org.openqa.selenium.NoSuchElementException -->
          <reporter-output>
          </reporter-output>
        </test-method> <!-- runScenario -->
        <test-method signature="runScenario(io.cucumber.testng.PickleWrapper,io.cucumber.testng.FeatureWrapper)[pri:0, instance:runner.TestRunner@1f010bf0]" started-at="2023-09-13T15:15:29 EDT" name="runScenario" description="Runs Cucumber Scenarios" data-provider="scenarios" finished-at="2023-09-13T15:15:30 EDT" duration-ms="628" status="FAIL">
          <params>
            <param index="0">
              <value>
                <![CDATA["Admin Verify the text on the second text field in the login page"]]>
              </value>
            </param>
            <param index="1">
              <value>
                <![CDATA["Login Page Verification"]]>
              </value>
            </param>
          </params>
          <exception class="org.openqa.selenium.NoSuchElementException">
            <message>
              <![CDATA[no such element: Unable to locate element: {"method":"xpath","selector":"//button[text()='Login']"}
  (Session info: chrome=116.0.5845.187)
For documentation on this error, please visit: https://www.selenium.dev/documentation/webdriver/troubleshooting/errors#no-such-element-exception
Build info: version: '4.11.0', revision: '040bc5406b'
System info: os.name: 'Mac OS X', os.arch: 'x86_64', os.version: '12.4', java.version: '17.0.2'
Driver info: org.openqa.selenium.chrome.ChromeDriver
Command: [1e981dc8fa9af0e39d58e706f60c9c18, findElement {using=xpath, value=//button[text()='Login']}]
Capabilities {acceptInsecureCerts: false, browserName: chrome, browserVersion: 116.0.5845.187, chrome: {chromedriverVersion: 116.0.5845.96 (1a3918166880..., userDataDir: /var/folders/hr/z4pdhffx3_5...}, fedcm:accounts: true, goog:chromeOptions: {debuggerAddress: localhost:54962}, networkConnectionEnabled: false, pageLoadStrategy: normal, platformName: mac, proxy: Proxy(), se:cdp: ws://localhost:54962/devtoo..., se:cdpVersion: 116.0.5845.187, setWindowRect: true, strictFileInteractability: false, timeouts: {implicit: 0, pageLoad: 300000, script: 30000}, unhandledPromptBehavior: dismiss and notify, webauthn:extension:credBlob: true, webauthn:extension:largeBlob: true, webauthn:extension:minPinLength: true, webauthn:extension:prf: true, webauthn:virtualAuthenticators: true}
Session ID: 1e981dc8fa9af0e39d58e706f60c9c18]]>
            </message>
            <full-stacktrace>
              <![CDATA[org.openqa.selenium.NoSuchElementException: no such element: Unable to locate element: {"method":"xpath","selector":"//button[text()='Login']"}
  (Session info: chrome=116.0.5845.187)
For documentation on this error, please visit: https://www.selenium.dev/documentation/webdriver/troubleshooting/errors#no-such-element-exception
Build info: version: '4.11.0', revision: '040bc5406b'
[...]
at org.openqa.selenium.remote.service.DriverCommandExecutor.invokeExecute(DriverCommandExecutor.java:196)
at org.openqa.selenium.remote.service.DriverCommandExecutor.execute(DriverCommandExecutor.java:171)
at org.openqa.selenium.remote.RemoteWebDriver.execute(RemoteWebDriver.java:518)
at org.openqa.selenium.remote.ElementLocation$ElementFinder$2.findElement(ElementLocation.java:165)
at org.openqa.selenium.remote.ElementLocation.findElement(ElementLocation.java:59)
at org.openqa.selenium.remote.RemoteWebDriver.findElement(RemoteWebDriver.java:355)
at org.openqa.selenium.remote.RemoteWebDriver.findElement(RemoteWebDriver.java:349)
at org.openqa.selenium.support.pagefactory.DefaultElementLocator.findElement(DefaultElementLocator.java:68)
at org.openqa.selenium.support.pagefactory.internal.LocatingElementHandler.invoke(LocatingElementHandler.java:38)
at jdk.proxy2/jdk.proxy2.$Proxy62.click(Unknown Source)
at pageObjects.DashboardPage.clickHomeLoginButton(DashboardPage.java:78)
at stepDefinitionsDashboardPage.DashboardPageSD.admin_is_on_page_for_dashboard_validation(DashboardPageSD.java:31)
at ✽.Admin is on "Login" page for Dashboard Validation(file:///Users/auxilia/git/Team09_BDDCoders/src/test/resources/features/02_Dashboard_page/01_DashboardPage.feature:5)
]]>
            </full-stacktrace>
          </exception> <!-- org.openqa.selenium.NoSuchElementException -->
          <reporter-output>
          </reporter-output>
        </test-method> <!-- runScenario -->
        <test-method signature="runScenario(io.cucumber.testng.PickleWrapper,io.cucumber.testng.FeatureWrapper)[pri:0, instance:runner.TestRunner@1f010bf0]" started-at="2023-09-13T15:15:52 EDT" name="runScenario" description="Runs Cucumber Scenarios" data-provider="scenarios" finished-at="2023-09-13T15:15:52 EDT" duration-ms="376" status="FAIL">
          <params>
            <param index="0">
              <value>
                <![CDATA["Validate navigation bar order 7th Attendance"]]>
              </value>
            </param>
            <param index="1">
              <value>
                <![CDATA["Dashboard Page"]]>
              </value>
            </param>
          </params>
          <exception class="org.openqa.selenium.NoSuchElementException">
            <message>
              <![CDATA[no such element: Unable to locate element: {"method":"xpath","selector":"//button[text()='Login']"}
  (Session info: chrome=116.0.5845.187)
For documentation on this error, please visit: https://www.selenium.dev/documentation/webdriver/troubleshooting/errors#no-such-element-exception
Build info: version: '4.11.0', revision: '040bc5406b'
System info: os.name: 'Mac OS X', os.arch: 'x86_64', os.version: '12.4', java.version: '17.0.2'
Driver info: org.openqa.selenium.chrome.ChromeDriver
Command: [1e981dc8fa9af0e39d58e706f60c9c18, findElement {using=xpath, value=//button[text()='Login']}]
Capabilities {acceptInsecureCerts: false, browserName: chrome, browserVersion: 116.0.5845.187, chrome: {chromedriverVersion: 116.0.5845.96 (1a3918166880..., userDataDir: /var/folders/hr/z4pdhffx3_5...}, fedcm:accounts: true, goog:chromeOptions: {debuggerAddress: localhost:54962}, networkConnectionEnabled: false, pageLoadStrategy: normal, platformName: mac, proxy: Proxy(), se:cdp: ws://localhost:54962/devtoo..., se:cdpVersion: 116.0.5845.187, setWindowRect: true, strictFileInteractability: false, timeouts: {implicit: 0, pageLoad: 300000, script: 30000}, unhandledPromptBehavior: dismiss and notify, webauthn:extension:credBlob: true, webauthn:extension:largeBlob: true, webauthn:extension:minPinLength: true, webauthn:extension:prf: true, webauthn:virtualAuthenticators: true}
Session ID: 1e981dc8fa9af0e39d58e706f60c9c18]]>
            </message>
            <full-stacktrace>
              <![CDATA[org.openqa.selenium.NoSuchElementException: no such element: Unable to locate element: {"method":"xpath","selector":"//button[text()='Login']"}
  (Session info: chrome=116.0.5845.187)
For documentation on this error, please visit: https://www.selenium.dev/documentation/webdriver/troubleshooting/errors#no-such-element-exception
Build info: version: '4.11.0', revision: '040bc5406b'
System info: os.name: 'Mac OS X', os.arch: 'x86_64', os.version: '12.4', java.version: '17.0.2'
Driver info: org.openqa.selenium.chrome.ChromeDriver
Command: [1e981dc8fa9af0e39d58e706f60c9c18, findElement {using=xpath, value=//button[text()='Login']}]
Capabilities {acceptInsecureCerts: false, browserName: chrome, browserVersion: 116.0.5845.187, chrome: {chromedriverVersion: 116.0.5845.96 (1a3918166880..., userDataDir: /var/folders/hr/z4pdhffx3_5...}, fedcm:accounts: true, goog:chromeOptions: {debuggerAddress: localhost:54962}, networkConnectionEnabled: false, pageLoadStrategy: normal, platformName: mac, proxy: Proxy(), se:cdp: ws://localhost:54962/devtoo..., se:cdpVersion: 116.0.5845.187, setWindowRect: true, strictFileInteractability: false, timeouts: {implicit: 0, pageLoad: 300000, script: 30000}, unhandledPromptBehavior: dismiss and notify, webauthn:extension:credBlob: true, webauthn:extension:largeBlob: true, webauthn:extension:minPinLength: true, webauthn:extension:prf: true, webauthn:virtualAuthenticators: true}
Session ID: 1e981dc8fa9af0e39d58e706f60c9c18
at jdk.internal.reflect.GeneratedConstructorAccessor45.newInstance(Unknown Source)
at java.base/jdk.internal.reflect.DelegatingConstructorAccessorImpl.newInstance(DelegatingConstructorAccessorImpl.java:45)
at java.base/java.lang.reflect.Constructor.newInstanceWithCaller(Constructor.java:499)
at java.base/java.lang.reflect.Constructor.newInstance(Constructor.java:480)
at org.openqa.selenium.remote.codec.w3c.W3CHttpResponseCodec.createException(W3CHttpResponseCodec.java:200)
at org.openqa.selenium.remote.codec.w3c.W3CHttpResponseCodec.decode(W3CHttpResponseCodec.java:133)
at org.openqa.selenium.remote.codec.w3c.W3CHttpResponseCodec.decode(W3CHttpResponseCodec.java:52)
at org.openqa.selenium.remote.HttpCommandExecutor.execute(HttpCommandExecutor.java:191)
at org.openqa.selenium.remote.service.DriverCommandExecutor.invokeExecute(DriverCommandExecutor.java:196)
at org.openqa.selenium.remote.service.DriverCommandExecutor.execute(DriverCommandExecutor.java:171)
at org.openqa.selenium.remote.RemoteWebDriver.execute(RemoteWebDriver.java:518)
at org.openqa.selenium.remote.ElementLocation$ElementFinder$2.findElement(ElementLocation.java:165)
at org.openqa.selenium.remote.ElementLocation.findElement(ElementLocation.java:59)
at org.openqa.selenium.remote.RemoteWebDriver.findElement(RemoteWebDriver.java:355)
at org.openqa.selenium.remote.RemoteWebDriver.findElement(RemoteWebDriver.java:349)
at org.openqa.selenium.support.pagefactory.DefaultElementLocator.findElement(DefaultElementLocator.java:68)
at org.openqa.selenium.support.pagefactory.internal.LocatingElementHandler.invoke(LocatingElementHandler.java:38)
at jdk.proxy2/jdk.proxy2.$Proxy62.click(Unknown Source)
at pageObjects.DashboardPage.clickHomeLoginButton(DashboardPage.java:78)
at stepDefinitionsDashboardPage.DashboardPageSD.admin_is_on_page_for_dashboard_validation(DashboardPageSD.java:31)
at ✽.Admin is on "Login" page for Dashboard Validation(file:///Users/auxilia/git/Team09_BDDCoders/src/test/resources/features/02_Dashboard_page/01_DashboardPage.feature:5)
]]>
            </full-stacktrace>
          </exception> <!-- org.openqa.selenium.NoSuchElementException -->
          <reporter-output>
          </reporter-output>
        </test-method> <!-- runScenario -->
        <test-method signature="runScenario(io.cucumber.testng.PickleWrapper,io.cucumber.testng.FeatureWrapper)[pri:0, instance:runner.TestRunner@1f010bf0]" started-at="2023-09-13T15:15:52 EDT" name="runScenario" description="Runs Cucumber Scenarios" data-provider="scenarios" finished-at="2023-09-13T15:15:52 EDT" duration-ms="365" status="FAIL">
          <params>
            <param index="0">
              <value>
                <![CDATA["Validate navigation bar order 8th Logout"]]>
              </value>
            </param>
            <param index="1">
              <value>
                <![CDATA["Dashboard Page"]]>
              </value>
            </param>
          </params>
          <exception class="org.openqa.selenium.NoSuchElementException">
            <message>
              <![CDATA[no such element: Unable to locate element: {"method":"xpath","selector":"//button[text()='Login']"}
  (Session info: chrome=116.0.5845.187)
For documentation on this error, please visit: https://www.selenium.dev/documentation/webdriver/troubleshooting/errors#no-such-element-exception
Build info: version: '4.11.0', revision: '040bc5406b'
System info: os.name: 'Mac OS X', os.arch: 'x86_64', os.version: '12.4', java.version: '17.0.2'
Driver info: org.openqa.selenium.chrome.ChromeDriver
Command: [1e981dc8fa9af0e39d58e706f60c9c18, findElement {using=xpath, value=//button[text()='Login']}]
Capabilities {acceptInsecureCerts: false, browserName: chrome, browserVersion: 116.0.5845.187, chrome: {chromedriverVersion: 116.0.5845.96 (1a3918166880..., userDataDir: /var/folders/hr/z4pdhffx3_5...}, fedcm:accounts: true, goog:chromeOptions: {debuggerAddress: localhost:54962}, networkConnectionEnabled: false, pageLoadStrategy: normal, platformName: mac, proxy: Proxy(), se:cdp: ws://localhost:54962/devtoo..., se:cdpVersion: 116.0.5845.187, setWindowRect: true, strictFileInteractability: false, timeouts: {implicit: 0, pageLoad: 300000, script: 30000}, unhandledPromptBehavior: dismiss and notify, webauthn:extension:credBlob: true, webauthn:extension:largeBlob: true, webauthn:extension:minPinLength: true, webauthn:extension:prf: true, webauthn:virtualAuthenticators: true}
Session ID: 1e981dc8fa9af0e39d58e706f60c9c18]]>
            </message>
            <full-stacktrace>
              <![CDATA[org.openqa.selenium.NoSuchElementException: no such element: Unable to locate element: {"method":"xpath","selector":"//button[text()='Login']"}
  (Session info: chrome=116.0.5845.187)
For documentation on this error, please visit: https://www.selenium.dev/documentation/webdriver/troubleshooting/errors#no-such-element-exception
Build info: version: '4.11.0', revision: '040bc5406b'
System info: os.name: 'Mac OS X', os.arch: 'x86_64', os.version: '12.4', java.version: '17.0.2'
Driver info: org.openqa.selenium.chrome.ChromeDriver
Command: [1e981dc8fa9af0e39d58e706f60c9c18, findElement {using=xpath, value=//button[text()='Login']}]
Capabilities {acceptInsecureCerts: false, browserName: chrome, browserVersion: 116.0.5845.187, chrome: {chromedriverVersion: 116.0.5845.96 (1a3918166880..., userDataDir: /var/folders/hr/z4pdhffx3_5...}, fedcm:accounts: true, goog:chromeOptions: {debuggerAddress: localhost:54962}, networkConnectionEnabled: false, pageLoadStrategy: normal, platformName: mac, proxy: Proxy(), se:cdp: ws://localhost:54962/devtoo..., se:cdpVersion: 116.0.5845.187, setWindowRect: true, strictFileInteractability: false, timeouts: {implicit: 0, pageLoad: 300000, script: 30000}, unhandledPromptBehavior: dismiss and notify, webauthn:extension:credBlob: true, webauthn:extension:largeBlob: true, webauthn:extension:minPinLength: true, webauthn:extension:prf: true, webauthn:virtualAuthenticators: true}
Session ID: 1e981dc8fa9af0e39d58e706f60c9c18
at jdk.internal.reflect.GeneratedConstructorAccessor45.newInstance(Unknown Source)
at java.base/jdk.internal.reflect.DelegatingConstructorAccessorImpl.newInstance(DelegatingConstructorAccessorImpl.java:45)
at java.base/java.lang.reflect.Constructor.newInstanceWithCaller(Constructor.java:499)
at java.base/java.lang.reflect.Constructor.newInstance(Constructor.java:480)
at org.openqa.selenium.remote.codec.w3c.W3CHttpResponseCodec.createException(W3CHttpResponseCodec.java:200)
at org.openqa.selenium.remote.codec.w3c.W3CHttpResponseCodec.decode(W3CHttpResponseCodec.java:133)
at org.openqa.selenium.remote.codec.w3c.W3CHttpResponseCodec.decode(W3CHttpResponseCodec.java:52)
at org.openqa.selenium.remote.HttpCommandExecutor.execute(HttpCommandExecutor.java:191)
at org.openqa.selenium.remote.service.DriverCommandExecutor.invokeExecute(DriverCommandExecutor.java:196)
at org.openqa.selenium.remote.service.DriverCommandExecutor.execute(DriverCommandExecutor.java:171)
at org.openqa.selenium.remote.RemoteWebDriver.execute(RemoteWebDriver.java:518)
at org.openqa.selenium.remote.ElementLocation$ElementFinder$2.findElement(ElementLocation.java:165)
at org.openqa.selenium.remote.ElementLocation.findElement(ElementLocation.java:59)
at org.openqa.selenium.remote.RemoteWebDriver.findElement(RemoteWebDriver.java:355)
at org.openqa.selenium.remote.RemoteWebDriver.findElement(RemoteWebDriver.java:349)
at org.openqa.selenium.support.pagefactory.DefaultElementLocator.findElement(DefaultElementLocator.java:68)
at org.openqa.selenium.support.pagefactory.internal.LocatingElementHandler.invoke(LocatingElementHandler.java:38)
at jdk.proxy2/jdk.proxy2.$Proxy62.click(Unknown Source)
at pageObjects.DashboardPage.clickHomeLoginButton(DashboardPage.java:78)
at stepDefinitionsDashboardPage.DashboardPageSD.admin_is_on_page_for_dashboard_validation(DashboardPageSD.java:31)
at ✽.Admin is on "Login" page for Dashboard Validation(file:///Users/auxilia/git/Team09_BDDCoders/src/test/resources/features/02_Dashboard_page/01_DashboardPage.feature:5)
]]>
            </full-stacktrace>
          </exception> <!-- org.openqa.selenium.NoSuchElementException -->
          <reporter-output>
          </reporter-output>
        </test-method> <!-- runScenario -->
        <test-method signature="runScenario(io.cucumber.testng.PickleWrapper,io.cucumber.testng.FeatureWrapper)[pri:0, instance:runner.TestRunner@1f010bf0]" started-at="2023-09-13T15:15:52 EDT" name="runScenario" description="Runs Cucumber Scenarios" data-provider="scenarios" finished-at="2023-09-13T15:15:53 EDT" duration-ms="272" status="FAIL">
          <params>
            <param index="0">
              <value>
                <![CDATA["Verify Logout button function"]]>
              </value>
            </param>
            <param index="1">
              <value>
                <![CDATA["Logout Funtion"]]>
              </value>
            </param>
          </params>
          <exception class="org.openqa.selenium.NoSuchElementException">
            <message>
              <![CDATA[no such element: Unable to locate element: {"method":"xpath","selector":"//button[text()='Logout']"}
  (Session info: chrome=116.0.5845.187)
For documentation on this error, please visit: https://www.selenium.dev/documentation/webdriver/troubleshooting/errors#no-such-element-exception
Build info: version: '4.11.0', revision: '040bc5406b'
System info: os.name: 'Mac OS X', os.arch: 'x86_64', os.version: '12.4', java.version: '17.0.2'
Driver info: org.openqa.selenium.chrome.ChromeDriver
Command: [1e981dc8fa9af0e39d58e706f60c9c18, findElement {using=xpath, value=//button[text()='Logout']}]
Capabilities {acceptInsecureCerts: false, browserName: chrome, browserVersion: 116.0.5845.187, chrome: {chromedriverVersion: 116.0.5845.96 (1a3918166880..., userDataDir: /var/folders/hr/z4pdhffx3_5...}, fedcm:accounts: true, goog:chromeOptions: {debuggerAddress: localhost:54962}, networkConnectionEnabled: false, pageLoadStrategy: normal, platformName: mac, proxy: Proxy(), se:cdp: ws://localhost:54962/devtoo..., se:cdpVersion: 116.0.5845.187, setWindowRect: true, strictFileInteractability: false, timeouts: {implicit: 0, pageLoad: 300000, script: 30000}, unhandledPromptBehavior: dismiss and notify, webauthn:extension:credBlob: true, webauthn:extension:largeBlob: true, webauthn:extension:minPinLength: true, webauthn:extension:prf: true, webauthn:virtualAuthenticators: true}
Session ID: 1e981dc8fa9af0e39d58e706f60c9c18]]>
            </message>
            <full-stacktrace>
              <![CDATA[org.openqa.selenium.NoSuchElementException: no such element: Unable to locate element: {"method":"xpath","selector":"//button[text()='Logout']"}
  (Session info: chrome=116.0.5845.187)
For documentation on this error, please visit: https://www.selenium.dev/documentation/webdriver/troubleshooting/errors#no-such-element-exception
Build info: version: '4.11.0', revision: '040bc5406b'
System info: os.name: 'Mac OS X', os.arch: 'x86_64', os.version: '12.4', java.version: '17.0.2'
Driver info: org.openqa.selenium.chrome.ChromeDriver
Command: [1e981dc8fa9af0e39d58e706f60c9c18, findElement {using=xpath, value=//button[text()='Logout']}]
Capabilities {acceptInsecureCerts: false, browserName: chrome, browserVersion: 116.0.5845.187, chrome: {chromedriverVersion: 116.0.5845.96 (1a3918166880..., userDataDir: /var/folders/hr/z4pdhffx3_5...}, fedcm:accounts: true, goog:chromeOptions: {debuggerAddress: localhost:54962}, networkConnectionEnabled: false, pageLoadStrategy: normal, platformName: mac, proxy: Proxy(), se:cdp: ws://localhost:54962/devtoo..., se:cdpVersion: 116.0.5845.187, setWindowRect: true, strictFileInteractability: false, timeouts: {implicit: 0, pageLoad: 300000, script: 30000}, unhandledPromptBehavior: dismiss and notify, webauthn:extension:credBlob: true, webauthn:extension:largeBlob: true, webauthn:extension:minPinLength: true, webauthn:extension:prf: true, webauthn:virtualAuthenticators: true}
Session ID: 1e981dc8fa9af0e39d58e706f60c9c18
at jdk.internal.reflect.GeneratedConstructorAccessor45.newInstance(Unknown Source)
at java.base/jdk.internal.reflect.DelegatingConstructorAccessorImpl.newInstance(DelegatingConstructorAccessorImpl.java:45)
at java.base/java.lang.reflect.Constructor.newInstanceWithCaller(Constructor.java:499)
at java.base/java.lang.reflect.Constructor.newInstance(Constructor.java:480)
at org.openqa.selenium.remote.codec.w3c.W3CHttpResponseCodec.createException(W3CHttpResponseCodec.java:200)
at org.openqa.selenium.remote.codec.w3c.W3CHttpResponseCodec.decode(W3CHttpResponseCodec.java:133)
at org.openqa.selenium.remote.codec.w3c.W3CHttpResponseCodec.decode(W3CHttpResponseCodec.java:52)
at org.openqa.selenium.remote.HttpCommandExecutor.execute(HttpCommandExecutor.java:191)
at org.openqa.selenium.remote.service.DriverCommandExecutor.invokeExecute(DriverCommandExecutor.java:196)
at org.openqa.selenium.remote.service.DriverCommandExecutor.execute(DriverCommandExecutor.java:171)
at org.openqa.selenium.remote.RemoteWebDriver.execute(RemoteWebDriver.java:518)
at org.openqa.selenium.remote.ElementLocation$ElementFinder$2.findElement(ElementLocation.java:165)
at org.openqa.selenium.remote.ElementLocation.findElement(ElementLocation.java:59)
at org.openqa.selenium.remote.RemoteWebDriver.findElement(RemoteWebDriver.java:355)
at org.openqa.selenium.remote.RemoteWebDriver.findElement(RemoteWebDriver.java:349)
at org.openqa.selenium.support.pagefactory.DefaultElementLocator.findElement(DefaultElementLocator.java:68)
at org.openqa.selenium.support.pagefactory.internal.LocatingElementHandler.invoke(LocatingElementHandler.java:38)
at jdk.proxy2/jdk.proxy2.$Proxy62.click(Unknown Source)
at pageObjects.DashboardPage.clickLogoutButton(DashboardPage.java:175)
at stepDefinitionsDashboardPage.LogoutSD.admin_clicks_button_on_navigation_bar(LogoutSD.java:31)
at ✽.Admin clicks "Logout" button on navigation bar(file:///Users/auxilia/git/Team09_BDDCoders/src/test/resources/features/02_Dashboard_page/02_Logout.feature:9)
]]>
            </full-stacktrace>
          </exception> <!-- org.openqa.selenium.NoSuchElementException -->
          <reporter-output>
          </reporter-output>
        </test-method> <!-- runScenario -->
        <test-method is-config="true" signature="tearDownClass()[pri:0, instance:runner.TestRunner@1f010bf0]" started-at="2023-09-13T15:15:53 EDT" name="tearDownClass" finished-at="2023-09-13T15:16:10 EDT" duration-ms="16944" status="PASS">
          <reporter-output>
          </reporter-output>
        </test-method> <!-- tearDownClass -->
      </class> <!-- runner.TestRunner -->
    </test> <!-- Default test -->
  </suite> <!-- Default suite -->
</testng-results>
